{"level":"info","message":"Server is running on Port 3000","timestamp":"2025-01-30T00:28:38.262Z"}
{"level":"info","message":"Database Connection Succesfull","timestamp":"2025-01-30T00:28:40.086Z"}
{"level":"info","message":"Server is running on Port 3000","timestamp":"2025-01-30T00:29:08.420Z"}
{"level":"info","message":"Database Connection Succesfull","timestamp":"2025-01-30T00:29:13.709Z"}
{"level":"info","message":"Server is running on Port 3000","timestamp":"2025-01-30T00:30:03.427Z"}
{"level":"info","message":"Database Connection Succesfull","timestamp":"2025-01-30T00:30:05.192Z"}
{"level":"info","message":"Server is running on Port 3000","timestamp":"2025-01-30T00:32:04.403Z"}
{"level":"info","message":"Database Connection Succesfull","timestamp":"2025-01-30T00:32:09.251Z"}
{"level":"info","message":"Server is running on Port 3000","timestamp":"2025-01-30T00:35:40.309Z"}
{"code":"ECONNREFUSED","hostname":"_mongodb._tcp.jobify.11hen.mongodb.net","level":"error","message":"Database Connection Error querySrv ECONNREFUSED _mongodb._tcp.jobify.11hen.mongodb.net","stack":"Error: querySrv ECONNREFUSED _mongodb._tcp.jobify.11hen.mongodb.net\n    at QueryReqWrap.onresolve [as oncomplete] (node:internal/dns/promises:293:17)","syscall":"querySrv","timestamp":"2025-01-30T00:35:40.373Z"}
{"level":"info","message":"Server is running on Port 3000","timestamp":"2025-01-30T00:35:55.350Z"}
{"code":"ECONNREFUSED","hostname":"_mongodb._tcp.jobify.11hen.mongodb.net","level":"error","message":"Database Connection Error querySrv ECONNREFUSED _mongodb._tcp.jobify.11hen.mongodb.net","stack":"Error: querySrv ECONNREFUSED _mongodb._tcp.jobify.11hen.mongodb.net\n    at QueryReqWrap.onresolve [as oncomplete] (node:internal/dns/promises:293:17)","syscall":"querySrv","timestamp":"2025-01-30T00:35:55.381Z"}
{"level":"info","message":"Server is running on Port 3000","timestamp":"2025-01-30T00:36:02.074Z"}
{"code":"ECONNREFUSED","hostname":"_mongodb._tcp.jobify.11hen.mongodb.net","level":"error","message":"Database Connection Error querySrv ECONNREFUSED _mongodb._tcp.jobify.11hen.mongodb.net","stack":"Error: querySrv ECONNREFUSED _mongodb._tcp.jobify.11hen.mongodb.net\n    at QueryReqWrap.onresolve [as oncomplete] (node:internal/dns/promises:293:17)","syscall":"querySrv","timestamp":"2025-01-30T00:36:02.106Z"}
{"level":"info","message":"Server is running on Port 3000","timestamp":"2025-01-30T06:44:11.313Z"}
{"level":"info","message":"Database Connection Succesfull","timestamp":"2025-01-30T06:44:16.110Z"}
{"level":"error","message":"Job validation failed: company.website: Company website is required, company.location: Location is required, company.name: Company name is required","timestamp":"2025-01-30T06:49:19.433Z"}
{"level":"info","message":"Server is running on Port 3000","timestamp":"2025-01-30T06:51:15.185Z"}
{"level":"info","message":"Database Connection Succesfull","timestamp":"2025-01-30T06:51:19.874Z"}
{"level":"error","message":"title is not defined","timestamp":"2025-01-30T06:51:29.834Z"}
{"level":"info","message":"Server is running on Port 3000","timestamp":"2025-01-30T06:53:50.539Z"}
{"level":"info","message":"Database Connection Succesfull","timestamp":"2025-01-30T06:53:53.813Z"}
{"level":"info","message":"Server is running on Port 3000","timestamp":"2025-01-30T06:55:15.528Z"}
{"level":"info","message":"Database Connection Succesfull","timestamp":"2025-01-30T06:55:17.188Z"}
{"level":"info","message":"Server is running on Port 3000","timestamp":"2025-01-30T07:19:46.939Z"}
{"level":"info","message":"Database Connection Succesfull","timestamp":"2025-01-30T07:19:51.356Z"}
{"level":"info","message":"Server is running on Port 3000","timestamp":"2025-01-30T07:21:50.341Z"}
{"level":"info","message":"Database Connection Succesfull","timestamp":"2025-01-30T07:21:54.921Z"}
{"level":"info","message":"Server is running on Port 3000","timestamp":"2025-01-30T07:23:22.827Z"}
{"level":"info","message":"Database Connection Succesfull","timestamp":"2025-01-30T07:23:24.578Z"}
{"kind":"ObjectId","message":"Cast to ObjectId failed for value \"count\" (type string) at path \"_id\" for model \"Job\"","name":"CastError","path":"_id","reason":{},"stringValue":"\"count\"","value":"count","valueType":"string"}
{"level":"error","message":"Cast to ObjectId failed for value \"count\" (type string) at path \"_id\" for model \"Job\"","timestamp":"2025-01-30T07:24:00.565Z"}
{"level":"info","message":"Server is running on Port 3000","timestamp":"2025-01-30T07:27:08.176Z"}
{"level":"info","message":"Database Connection Succesfull","timestamp":"2025-01-30T07:27:10.127Z"}
{"kind":"ObjectId","message":"Cast to ObjectId failed for value \"count\" (type string) at path \"_id\" for model \"Job\"","name":"CastError","path":"_id","reason":{},"stringValue":"\"count\"","value":"count","valueType":"string"}
{"level":"error","message":"Cast to ObjectId failed for value \"count\" (type string) at path \"_id\" for model \"Job\"","timestamp":"2025-01-30T07:27:12.766Z"}
{"level":"info","message":"Server is running on Port 3000","timestamp":"2025-01-30T07:27:50.311Z"}
{"level":"info","message":"Database Connection Succesfull","timestamp":"2025-01-30T07:27:51.868Z"}
{"level":"info","message":"Server is running on Port 3000","timestamp":"2025-01-30T07:28:28.135Z"}
{"kind":"ObjectId","message":"Cast to ObjectId failed for value \"count\" (type string) at path \"_id\" for model \"Job\"","name":"CastError","path":"_id","reason":{},"stringValue":"\"count\"","value":"count","valueType":"string"}
{"level":"error","message":"Cast to ObjectId failed for value \"count\" (type string) at path \"_id\" for model \"Job\"","timestamp":"2025-01-30T07:28:30.178Z"}
{"level":"info","message":"Database Connection Succesfull","timestamp":"2025-01-30T07:28:32.008Z"}
{"level":"info","message":"Server is running on Port 3000","timestamp":"2025-01-30T07:29:14.521Z"}
{"level":"info","message":"Database Connection Succesfull","timestamp":"2025-01-30T07:29:18.452Z"}
{"kind":"ObjectId","message":"Cast to ObjectId failed for value \"count\" (type string) at path \"_id\" for model \"Job\"","name":"CastError","path":"_id","reason":{},"stringValue":"\"count\"","value":"count","valueType":"string"}
{"level":"error","message":"Cast to ObjectId failed for value \"count\" (type string) at path \"_id\" for model \"Job\"","timestamp":"2025-01-30T07:29:19.837Z"}
{"level":"info","message":"Server is running on Port 3000","timestamp":"2025-01-30T07:29:48.026Z"}
{"level":"info","message":"Database Connection Succesfull","timestamp":"2025-01-30T07:29:49.842Z"}
{"kind":"ObjectId","message":"Cast to ObjectId failed for value \"count\" (type string) at path \"_id\" for model \"Job\"","name":"CastError","path":"_id","reason":{},"stringValue":"\"count\"","value":"count","valueType":"string"}
{"level":"error","message":"Cast to ObjectId failed for value \"count\" (type string) at path \"_id\" for model \"Job\"","timestamp":"2025-01-30T07:29:54.907Z"}
{"kind":"ObjectId","message":"Cast to ObjectId failed for value \"count\" (type string) at path \"_id\" for model \"Job\"","name":"CastError","path":"_id","reason":{},"stringValue":"\"count\"","value":"count","valueType":"string"}
{"level":"error","message":"Cast to ObjectId failed for value \"count\" (type string) at path \"_id\" for model \"Job\"","timestamp":"2025-01-30T07:30:40.202Z"}
{"level":"info","message":"Server is running on Port 3000","timestamp":"2025-01-30T07:31:13.555Z"}
{"level":"info","message":"Database Connection Succesfull","timestamp":"2025-01-30T07:31:15.352Z"}
{"level":"info","message":"Server is running on Port 3000","timestamp":"2025-01-30T07:33:16.188Z"}
{"level":"info","message":"Database Connection Succesfull","timestamp":"2025-01-30T07:33:21.027Z"}
{"level":"info","message":"Server is running on Port 3000","timestamp":"2025-01-30T07:33:49.981Z"}
{"level":"info","message":"Database Connection Succesfull","timestamp":"2025-01-30T07:33:51.593Z"}
{"kind":"ObjectId","message":"Cast to ObjectId failed for value \"count\" (type string) at path \"_id\" for model \"Job\"","name":"CastError","path":"_id","reason":{},"stringValue":"\"count\"","value":"count","valueType":"string"}
{"level":"error","message":"Cast to ObjectId failed for value \"count\" (type string) at path \"_id\" for model \"Job\"","timestamp":"2025-01-30T07:34:09.298Z"}
{"level":"info","message":"Server is running on Port 3000","timestamp":"2025-01-30T07:35:38.426Z"}
{"level":"info","message":"Database Connection Succesfull","timestamp":"2025-01-30T07:35:40.337Z"}
{"kind":"ObjectId","message":"Cast to ObjectId failed for value \"count\" (type string) at path \"_id\" for model \"Job\"","name":"CastError","path":"_id","reason":{},"stringValue":"\"count\"","value":"count","valueType":"string"}
{"level":"error","message":"Cast to ObjectId failed for value \"count\" (type string) at path \"_id\" for model \"Job\"","timestamp":"2025-01-30T07:35:46.195Z"}
{"level":"info","message":"Server is running on Port 3000","timestamp":"2025-01-30T07:36:36.325Z"}
{"level":"info","message":"Database Connection Succesfull","timestamp":"2025-01-30T07:36:41.359Z"}
{"kind":"ObjectId","message":"Cast to ObjectId failed for value \"count\" (type string) at path \"_id\" for model \"Job\"","name":"CastError","path":"_id","reason":{},"stringValue":"\"count\"","value":"count","valueType":"string"}
{"level":"error","message":"Cast to ObjectId failed for value \"count\" (type string) at path \"_id\" for model \"Job\"","timestamp":"2025-01-30T07:36:43.862Z"}
{"level":"info","message":"Server is running on Port 3000","timestamp":"2025-01-30T07:38:16.906Z"}
{"level":"info","message":"Database Connection Succesfull","timestamp":"2025-01-30T07:38:20.930Z"}
{"kind":"ObjectId","message":"Cast to ObjectId failed for value \"count\" (type string) at path \"_id\" for model \"Job\"","name":"CastError","path":"_id","reason":{},"stringValue":"\"count\"","value":"count","valueType":"string"}
{"level":"error","message":"Cast to ObjectId failed for value \"count\" (type string) at path \"_id\" for model \"Job\"","timestamp":"2025-01-30T07:38:23.549Z"}
{"level":"info","message":"Server is running on Port 3000","timestamp":"2025-01-30T07:38:41.772Z"}
{"level":"info","message":"Database Connection Succesfull","timestamp":"2025-01-30T07:38:43.438Z"}
{"kind":"ObjectId","message":"Cast to ObjectId failed for value \"count\" (type string) at path \"_id\" for model \"Job\"","name":"CastError","path":"_id","reason":{},"stringValue":"\"count\"","value":"count","valueType":"string"}
{"level":"error","message":"Cast to ObjectId failed for value \"count\" (type string) at path \"_id\" for model \"Job\"","timestamp":"2025-01-30T07:38:46.834Z"}
{"level":"info","message":"Server is running on Port 3000","timestamp":"2025-01-30T07:39:03.787Z"}
{"level":"info","message":"Database Connection Succesfull","timestamp":"2025-01-30T07:39:05.389Z"}
{"kind":"ObjectId","message":"Cast to ObjectId failed for value \"count\" (type string) at path \"_id\" for model \"Job\"","name":"CastError","path":"_id","reason":{},"stringValue":"\"count\"","value":"count","valueType":"string"}
{"level":"error","message":"Cast to ObjectId failed for value \"count\" (type string) at path \"_id\" for model \"Job\"","timestamp":"2025-01-30T07:39:05.797Z"}
{"level":"info","message":"Server is running on Port 3000","timestamp":"2025-01-30T07:39:43.511Z"}
{"level":"info","message":"Database Connection Succesfull","timestamp":"2025-01-30T07:39:45.225Z"}
{"level":"info","message":"Server is running on Port 3000","timestamp":"2025-01-30T07:39:59.391Z"}
{"level":"info","message":"Database Connection Succesfull","timestamp":"2025-01-30T07:40:03.295Z"}
