{"level":"info","message":"Database Connection Succesfull","timestamp":"2024-09-23T10:55:02.059Z"}
{"level":"info","message":"Server is Running on Port 5000","timestamp":"2024-09-23T10:56:29.772Z"}
{"level":"info","message":"Database Connection Succesfull","timestamp":"2024-09-23T10:56:29.803Z"}
{"level":"info","message":"Server is Running on Port 5000","timestamp":"2024-09-23T11:06:30.155Z"}
{"level":"info","message":"Database Connection Succesfull","timestamp":"2024-09-23T11:06:30.193Z"}
{"level":"info","message":"Server is Running on Port 5000","timestamp":"2024-09-23T11:08:50.836Z"}
{"level":"info","message":"Database Connection Succesfull","timestamp":"2024-09-23T11:08:50.866Z"}
{"level":"info","message":"Server is Running on Port 5000","timestamp":"2024-09-23T11:09:27.357Z"}
{"level":"info","message":"Database Connection Succesfull","timestamp":"2024-09-23T11:09:27.548Z"}
{"level":"info","message":"Server is Running on Port 5000","timestamp":"2024-09-23T11:12:37.542Z"}
{"level":"info","message":"Database Connection Succesfull","timestamp":"2024-09-23T11:12:37.643Z"}
{"level":"info","message":"Server is Running on Port 5000","timestamp":"2024-09-23T11:13:18.858Z"}
{"level":"info","message":"Database Connection Succesfull","timestamp":"2024-09-23T11:13:18.901Z"}
{"level":"info","message":"Server is Running on Port 5000","timestamp":"2024-09-23T11:15:20.656Z"}
{"level":"info","message":"Database Connection Succesfull","timestamp":"2024-09-23T11:15:21.128Z"}
{"level":"info","message":"Server is Running on Port 5000","timestamp":"2024-09-23T11:16:34.671Z"}
{"level":"info","message":"Database Connection Succesfull","timestamp":"2024-09-23T11:16:34.722Z"}
{"level":"info","message":"Server is Running on Port 5000","timestamp":"2024-09-23T11:16:59.721Z"}
{"level":"info","message":"Database Connection Succesfull","timestamp":"2024-09-23T11:16:59.801Z"}
{"level":"info","message":"Server is Running on Port 5000","timestamp":"2024-09-23T11:17:54.197Z"}
{"level":"info","message":"Database Connection Succesfull","timestamp":"2024-09-23T11:17:54.232Z"}
{"level":"info","message":"Server is Running on Port 5000","timestamp":"2024-09-23T11:18:18.192Z"}
{"level":"info","message":"Database Connection Succesfull","timestamp":"2024-09-23T11:18:18.229Z"}
{"level":"info","message":"Server is Running on Port 5000","timestamp":"2024-09-23T11:18:32.941Z"}
{"level":"info","message":"Database Connection Succesfull","timestamp":"2024-09-23T11:18:32.978Z"}
{"level":"info","message":"Server is Running on Port 5000","timestamp":"2024-09-23T11:27:34.866Z"}
{"level":"info","message":"Database Connection Succesfull","timestamp":"2024-09-23T11:27:34.954Z"}
{"level":"info","message":"Server is Running on Port 5000","timestamp":"2024-09-23T11:31:44.574Z"}
{"level":"info","message":"Database Connection Succesfull","timestamp":"2024-09-23T11:31:50.476Z"}
{"level":"info","message":"Server is Running on Port 5000","timestamp":"2024-09-23T11:33:38.077Z"}
{"level":"info","message":"Database Connection Succesfull","timestamp":"2024-09-23T11:33:38.113Z"}
{"level":"info","message":"Server is Running on Port 5000","timestamp":"2024-09-23T11:40:55.398Z"}
{"level":"info","message":"Database Connection Succesfull","timestamp":"2024-09-23T11:41:00.746Z"}
{"level":"info","message":"Server is Running on Port 5000","timestamp":"2024-09-23T11:49:48.404Z"}
{"level":"info","message":"Database Connection Succesfull","timestamp":"2024-09-23T11:49:48.458Z"}
{"level":"info","message":"Server is Running on Port 5000","timestamp":"2024-09-23T11:51:07.670Z"}
{"level":"info","message":"Database Connection Succesfull","timestamp":"2024-09-23T11:51:07.780Z"}
{"level":"info","message":"Server is Running on Port 5000","timestamp":"2024-09-23T11:51:48.127Z"}
{"level":"info","message":"Database Connection Succesfull","timestamp":"2024-09-23T11:51:48.170Z"}
{"level":"info","message":"Server is Running on Port 5000","timestamp":"2024-09-23T11:52:40.780Z"}
{"level":"info","message":"Database Connection Succesfull","timestamp":"2024-09-23T11:52:40.810Z"}
{"level":"info","message":"Server is Running on Port 5000","timestamp":"2024-09-23T11:53:04.747Z"}
{"level":"info","message":"Database Connection Succesfull","timestamp":"2024-09-23T11:53:04.783Z"}
{"level":"info","message":"Server is Running on Port 5000","timestamp":"2024-09-23T11:53:49.008Z"}
{"level":"info","message":"Database Connection Succesfull","timestamp":"2024-09-23T11:53:49.052Z"}
{"level":"info","message":"Server is Running on Port 5000","timestamp":"2024-09-23T11:58:52.270Z"}
{"level":"info","message":"Database Connection Succesfull","timestamp":"2024-09-23T11:58:52.307Z"}
{"level":"info","message":"Server is Running on Port 5000","timestamp":"2024-09-23T11:59:03.940Z"}
{"level":"info","message":"Database Connection Succesfull","timestamp":"2024-09-23T11:59:03.987Z"}
{"level":"info","message":"Server is Running on Port 5000","timestamp":"2024-09-23T12:01:40.350Z"}
{"level":"info","message":"Database Connection Succesfull","timestamp":"2024-09-23T12:01:41.981Z"}
{"level":"info","message":"Server is Running on Port 5000","timestamp":"2024-09-23T12:02:29.683Z"}
{"level":"info","message":"Database Connection Succesfull","timestamp":"2024-09-23T12:02:29.989Z"}
{"level":"info","message":"Server is Running on Port 5000","timestamp":"2024-09-23T12:03:16.529Z"}
{"level":"info","message":"Database Connection Succesfull","timestamp":"2024-09-23T12:03:17.194Z"}
{"level":"info","message":"Server is Running on Port 5000","timestamp":"2024-09-24T15:49:41.279Z"}
{"level":"info","message":"Database Connection Succesfull","timestamp":"2024-09-24T15:49:41.860Z"}
{"level":"info","message":"Server is Running on Port 5000","timestamp":"2024-09-24T15:58:14.070Z"}
{"level":"info","message":"Database Connection Succesfull","timestamp":"2024-09-24T15:58:14.556Z"}
{"level":"info","message":"Server is Running on Port 5000","timestamp":"2024-09-24T16:21:51.560Z"}
{"level":"info","message":"Database Connection Succesfull","timestamp":"2024-09-24T16:21:51.776Z"}
{"level":"info","message":"Server is Running on Port 5000","timestamp":"2024-09-24T16:48:28.162Z"}
{"level":"info","message":"Database Connection Succesfull","timestamp":"2024-09-24T16:48:28.423Z"}
{"level":"info","message":"Server is Running on Port 5000","timestamp":"2024-09-24T16:55:56.611Z"}
{"level":"info","message":"Database Connection Succesfull","timestamp":"2024-09-24T16:55:56.846Z"}
{"level":"info","message":"Server is Running on Port 5000","timestamp":"2024-09-24T17:02:07.415Z"}
{"level":"info","message":"Database Connection Succesfull","timestamp":"2024-09-24T17:02:07.711Z"}
{"level":"info","message":"Server is Running on Port 5000","timestamp":"2024-09-24T17:03:24.682Z"}
{"level":"info","message":"Database Connection Succesfull","timestamp":"2024-09-24T17:03:24.863Z"}
{"level":"info","message":"Server is Running on Port 5000","timestamp":"2024-09-24T17:04:09.825Z"}
{"level":"info","message":"Database Connection Succesfull","timestamp":"2024-09-24T17:04:10.200Z"}
{"level":"info","message":"Server is Running on Port 5000","timestamp":"2024-09-24T17:05:25.257Z"}
{"level":"info","message":"Database Connection Succesfull","timestamp":"2024-09-24T17:05:25.450Z"}
{"level":"info","message":"Server is Running on Port 5000","timestamp":"2024-09-24T23:29:39.631Z"}
{"level":"info","message":"Database Connection Succesfull","timestamp":"2024-09-24T23:29:40.418Z"}
{"level":"info","message":"Server is Running on Port 5000","timestamp":"2024-09-24T23:32:37.575Z"}
{"level":"info","message":"Database Connection Succesfull","timestamp":"2024-09-24T23:32:37.962Z"}
{"level":"info","message":"Server is Running on Port 5000","timestamp":"2024-09-25T00:01:05.339Z"}
{"level":"info","message":"Database Connection Succesfull","timestamp":"2024-09-25T00:01:05.765Z"}
{"level":"info","message":"Server is Running on Port 5000","timestamp":"2024-09-25T00:06:15.712Z"}
{"level":"info","message":"Database Connection Succesfull","timestamp":"2024-09-25T00:06:16.056Z"}
{"level":"info","message":"Server is Running on Port 5000","timestamp":"2024-09-25T00:09:54.639Z"}
{"level":"info","message":"Database Connection Succesfull","timestamp":"2024-09-25T00:09:55.141Z"}
{"level":"info","message":"Server is Running on Port 5000","timestamp":"2024-09-25T00:13:56.069Z"}
{"level":"info","message":"Database Connection Succesfull","timestamp":"2024-09-25T00:13:56.349Z"}
{"level":"info","message":"Server is Running on Port 5000","timestamp":"2024-09-25T00:15:02.043Z"}
{"level":"info","message":"Database Connection Succesfull","timestamp":"2024-09-25T00:15:02.238Z"}
{"level":"info","message":"Server is Running on Port 5000","timestamp":"2024-09-25T00:17:53.740Z"}
{"level":"info","message":"Database Connection Succesfull","timestamp":"2024-09-25T00:17:53.831Z"}
{"level":"info","message":"Server is Running on Port 5000","timestamp":"2024-09-25T00:19:45.306Z"}
{"level":"info","message":"Database Connection Succesfull","timestamp":"2024-09-25T00:19:45.372Z"}
{"level":"info","message":"Server is Running on Port 5000","timestamp":"2024-09-25T00:21:31.007Z"}
{"level":"info","message":"Database Connection Succesfull","timestamp":"2024-09-25T00:21:31.740Z"}
{"level":"info","message":"Server is Running on Port 5000","timestamp":"2024-09-25T00:24:40.819Z"}
{"level":"info","message":"Database Connection Succesfull","timestamp":"2024-09-25T00:24:40.884Z"}
{"level":"info","message":"Server is Running on Port 5000","timestamp":"2024-09-25T00:24:59.948Z"}
{"level":"info","message":"Database Connection Succesfull","timestamp":"2024-09-25T00:25:00.031Z"}
{"level":"info","message":"Server is Running on Port 5000","timestamp":"2024-09-25T00:25:57.310Z"}
{"level":"info","message":"Database Connection Succesfull","timestamp":"2024-09-25T00:25:57.485Z"}
{"level":"info","message":"Server is Running on Port 5000","timestamp":"2024-09-25T06:00:55.813Z"}
{"level":"info","message":"Database Connection Succesfull","timestamp":"2024-09-25T06:00:56.072Z"}
{"level":"info","message":"Server is Running on Port 5000","timestamp":"2024-09-25T06:03:14.615Z"}
{"level":"info","message":"Database Connection Succesfull","timestamp":"2024-09-25T06:03:14.652Z"}
{"level":"info","message":"Server is Running on Port 5000","timestamp":"2024-09-25T06:06:34.813Z"}
{"level":"info","message":"Database Connection Succesfull","timestamp":"2024-09-25T06:06:34.953Z"}
{"level":"info","message":"Server is Running on Port 5000","timestamp":"2024-09-25T06:07:40.002Z"}
{"level":"info","message":"Database Connection Succesfull","timestamp":"2024-09-25T06:07:40.325Z"}
{"level":"info","message":"Server is Running on Port 5000","timestamp":"2024-09-25T06:08:20.189Z"}
{"level":"info","message":"Database Connection Succesfull","timestamp":"2024-09-25T06:08:20.307Z"}
{"level":"info","message":"Server is Running on Port 5000","timestamp":"2024-09-25T06:08:54.914Z"}
{"level":"info","message":"Database Connection Succesfull","timestamp":"2024-09-25T06:08:55.027Z"}
{"level":"info","message":"Server is Running on Port 5000","timestamp":"2024-09-25T06:09:05.541Z"}
{"level":"info","message":"Database Connection Succesfull","timestamp":"2024-09-25T06:09:05.674Z"}
{"level":"info","message":"Server is Running on Port 5000","timestamp":"2024-09-25T06:12:07.573Z"}
{"level":"info","message":"Database Connection Succesfull","timestamp":"2024-09-25T06:12:07.605Z"}
{"level":"error","timestamp":"2024-10-13T20:00:36.726Z"}
{"level":"error","timestamp":"2024-10-13T20:09:22.943Z"}
{"level":"error","timestamp":"2024-10-13T20:09:54.980Z"}
{"level":"error","timestamp":"2024-10-13T20:21:29.143Z"}
{"level":"error","timestamp":"2024-10-13T20:21:33.003Z"}
{"level":"error","timestamp":"2024-10-13T21:06:56.629Z"}
{"level":"error","timestamp":"2024-10-13T21:09:13.469Z"}
{"level":"error","timestamp":"2024-10-13T21:24:13.688Z"}
{"level":"error","timestamp":"2024-10-13T21:24:23.544Z"}
{"level":"info","message":"Server is running on Port 5000","timestamp":"2024-10-13T21:24:55.447Z"}
{"level":"info","message":"Database Connection Succesfull","timestamp":"2024-10-13T21:24:58.539Z"}
{"level":"error","timestamp":"2024-10-13T21:43:40.566Z"}
{"level":"info","message":"Server is running on Port 5000","timestamp":"2024-10-13T21:45:12.254Z"}
{"level":"info","message":"Database Connection Succesfull","timestamp":"2024-10-13T21:45:13.249Z"}
{"level":"error","timestamp":"2024-10-13T21:46:34.845Z"}
{"level":"error","timestamp":"2024-10-13T23:35:01.475Z"}
{"level":"info","message":"Server is running on Port 5000","timestamp":"2024-10-13T23:35:23.251Z"}
{"level":"info","message":"Database Connection Succesfull","timestamp":"2024-10-13T23:35:23.401Z"}
{"level":"error","timestamp":"2024-10-13T23:35:26.636Z"}
{"level":"info","message":"Server is running on Port 5000","timestamp":"2024-10-14T00:44:55.314Z"}
{"level":"info","message":"Database Connection Succesfull","timestamp":"2024-10-14T00:44:55.782Z"}
{"level":"info","message":"Server is running on Port 5000","timestamp":"2024-10-14T00:51:38.275Z"}
{"level":"info","message":"Database Connection Succesfull","timestamp":"2024-10-14T00:51:38.516Z"}
{"level":"info","message":"Server is running on Port 5000","timestamp":"2024-10-14T00:52:45.980Z"}
{"level":"info","message":"Database Connection Succesfull","timestamp":"2024-10-14T00:52:46.224Z"}
{"level":"info","message":"Server is running on Port 5000","timestamp":"2024-10-15T08:26:57.463Z"}
{"level":"info","message":"Database Connection Succesfull","timestamp":"2024-10-15T08:27:02.227Z"}
{"level":"error","message":"Unexpected non-whitespace character after JSON at position 112 (line 1 column 113)","timestamp":"2024-10-15T08:29:32.382Z"}
{"_message":"User validation failed","errors":{"password":{"kind":"user defined","message":"Password must be at least 8 characters, contain at least one uppercase letter, one lowercase letter, one number, and one special character","name":"ValidatorError","path":"password","properties":{"message":"Password must be at least 8 characters, contain at least one uppercase letter, one lowercase letter, one number, and one special character","path":"password","type":"user defined","value":"password123"},"value":"password123"},"passwordConfirm":{"kind":"required","message":"Please confirm your password","name":"ValidatorError","path":"passwordConfirm","properties":{"message":"Please confirm your password","path":"passwordConfirm","type":"required"}},"username":{"kind":"required","message":"Please provide a username","name":"ValidatorError","path":"username","properties":{"message":"Please provide a username","path":"username","type":"required"}}},"level":"error","message":"User validation failed: passwordConfirm: Please confirm your password, username: Please provide a username, password: Password must be at least 8 characters, contain at least one uppercase letter, one lowercase letter, one number, and one special character","name":"ValidationError","timestamp":"2024-10-15T08:29:43.974Z"}
{"_message":"User validation failed","errors":{"passwordConfirm":{"kind":"required","message":"Please confirm your password","name":"ValidatorError","path":"passwordConfirm","properties":{"message":"Please confirm your password","path":"passwordConfirm","type":"required"}},"username":{"kind":"required","message":"Please provide a username","name":"ValidatorError","path":"username","properties":{"message":"Please provide a username","path":"username","type":"required"}}},"level":"error","message":"User validation failed: passwordConfirm: Please confirm your password, username: Please provide a username","name":"ValidationError","timestamp":"2024-10-15T08:31:18.715Z"}
{"_message":"User validation failed","errors":{"passwordConfirm":{"kind":"required","message":"Please confirm your password","name":"ValidatorError","path":"passwordConfirm","properties":{"message":"Please confirm your password","path":"passwordConfirm","type":"required"}},"username":{"kind":"required","message":"Please provide a username","name":"ValidatorError","path":"username","properties":{"message":"Please provide a username","path":"username","type":"required"}}},"level":"error","message":"User validation failed: passwordConfirm: Please confirm your password, username: Please provide a username","name":"ValidationError","timestamp":"2024-10-15T08:31:20.848Z"}
{"level":"info","message":"Server is running on Port 5000","timestamp":"2024-10-15T08:33:11.222Z"}
{"level":"info","message":"Database Connection Succesfull","timestamp":"2024-10-15T08:33:11.279Z"}
{"_message":"User validation failed","errors":{"passwordConfirm":{"kind":"required","message":"Please confirm your password","name":"ValidatorError","path":"passwordConfirm","properties":{"message":"Please confirm your password","path":"passwordConfirm","type":"required"}},"username":{"kind":"required","message":"Please provide a username","name":"ValidatorError","path":"username","properties":{"message":"Please provide a username","path":"username","type":"required"}}},"level":"error","message":"User validation failed: passwordConfirm: Please confirm your password, username: Please provide a username","name":"ValidationError","timestamp":"2024-10-15T08:34:41.344Z"}
{"_message":"User validation failed","errors":{"passwordConfirm":{"kind":"required","message":"Please confirm your password","name":"ValidatorError","path":"passwordConfirm","properties":{"message":"Please confirm your password","path":"passwordConfirm","type":"required"}},"username":{"kind":"required","message":"Please provide a username","name":"ValidatorError","path":"username","properties":{"message":"Please provide a username","path":"username","type":"required"}}},"level":"error","message":"User validation failed: passwordConfirm: Please confirm your password, username: Please provide a username","name":"ValidationError","timestamp":"2024-10-15T08:35:14.997Z"}
{"_message":"User validation failed","errors":{"passwordConfirm":{"kind":"required","message":"Please confirm your password","name":"ValidatorError","path":"passwordConfirm","properties":{"message":"Please confirm your password","path":"passwordConfirm","type":"required"}},"username":{"kind":"required","message":"Please provide a username","name":"ValidatorError","path":"username","properties":{"message":"Please provide a username","path":"username","type":"required"}}},"level":"error","message":"User validation failed: passwordConfirm: Please confirm your password, username: Please provide a username","name":"ValidationError","timestamp":"2024-10-15T08:44:53.784Z"}
{"level":"info","message":"Server is running on Port 5000","timestamp":"2024-10-15T08:49:32.119Z"}
{"level":"info","message":"Database Connection Succesfull","timestamp":"2024-10-15T08:49:32.261Z"}
{"level":"info","message":"Server is running on Port 5000","timestamp":"2024-10-15T08:50:28.975Z"}
{"level":"info","message":"Database Connection Succesfull","timestamp":"2024-10-15T08:50:29.028Z"}
{"level":"error","timestamp":"2024-10-15T08:54:04.315Z"}
{"level":"info","message":"Server is running on Port 5000","timestamp":"2024-10-16T17:14:59.655Z"}
{"level":"info","message":"Database Connection Succesfull","timestamp":"2024-10-16T17:15:01.102Z"}
{"level":"info","message":"Server is running on Port 5000","timestamp":"2024-10-16T18:02:17.584Z"}
{"level":"info","message":"Database Connection Succesfull","timestamp":"2024-10-16T18:02:17.664Z"}
{"level":"info","message":"Server is running on Port 5000","timestamp":"2024-10-16T18:29:05.939Z"}
{"level":"info","message":"Database Connection Succesfull","timestamp":"2024-10-16T18:29:06.499Z"}
{"level":"info","message":"Server is running on Port 5000","timestamp":"2024-10-16T18:32:09.302Z"}
{"level":"info","message":"Database Connection Succesfull","timestamp":"2024-10-16T18:32:09.490Z"}
{"level":"info","message":"Server is running on Port 5000","timestamp":"2024-10-16T19:33:20.861Z"}
{"level":"info","message":"Database Connection Succesfull","timestamp":"2024-10-16T19:33:20.961Z"}
{"level":"error","message":"jwt malformed","name":"JsonWebTokenError","timestamp":"2024-10-17T04:40:06.293Z"}
{"level":"error","message":"jwt malformed","name":"JsonWebTokenError","timestamp":"2024-10-17T04:40:28.285Z"}
{"level":"info","message":"Server is running on Port 5000","timestamp":"2024-10-17T04:48:22.652Z"}
{"level":"info","message":"Database Connection Succesfull","timestamp":"2024-10-17T04:48:22.832Z"}
{"level":"info","message":"Server is running on Port 5000","timestamp":"2024-10-17T04:49:05.524Z"}
{"level":"info","message":"Database Connection Succesfull","timestamp":"2024-10-17T04:49:05.718Z"}
{"level":"info","message":"Server is running on Port 5000","timestamp":"2024-10-17T05:12:20.636Z"}
{"level":"info","message":"Database Connection Succesfull","timestamp":"2024-10-17T05:12:20.828Z"}
{"level":"info","message":"Server is running on Port 5000","timestamp":"2024-10-17T05:12:45.077Z"}
{"level":"info","message":"Database Connection Succesfull","timestamp":"2024-10-17T05:12:45.268Z"}
{"level":"info","message":"Server is running on Port 5000","timestamp":"2024-10-17T06:45:31.667Z"}
{"level":"info","message":"Database Connection Succesfull","timestamp":"2024-10-17T06:45:31.748Z"}
{"_message":"User validation failed","errors":{"passwordConfirm":{"kind":"required","message":"Please confirm your password","name":"ValidatorError","path":"passwordConfirm","properties":{"message":"Please confirm your password","path":"passwordConfirm","type":"required"}}},"level":"error","message":"User validation failed: passwordConfirm: Please confirm your password","name":"ValidationError","timestamp":"2024-10-17T07:07:32.939Z"}
{"_message":"User validation failed","errors":{"passwordConfirm":{"kind":"required","message":"Please confirm your password","name":"ValidatorError","path":"passwordConfirm","properties":{"message":"Please confirm your password","path":"passwordConfirm","type":"required"}}},"level":"error","message":"User validation failed: passwordConfirm: Please confirm your password","name":"ValidationError","timestamp":"2024-10-17T07:08:16.084Z"}
{"level":"info","message":"Server is running on Port 5000","timestamp":"2024-10-17T07:11:30.490Z"}
{"level":"info","message":"Database Connection Succesfull","timestamp":"2024-10-17T07:11:30.736Z"}
{"_message":"User validation failed","errors":{"passwordConfirm":{"kind":"required","message":"Please confirm your password","name":"ValidatorError","path":"passwordConfirm","properties":{"message":"Please confirm your password","path":"passwordConfirm","type":"required"}}},"level":"error","message":"User validation failed: passwordConfirm: Please confirm your password","name":"ValidationError","timestamp":"2024-10-17T07:19:18.359Z"}
{"_message":"User validation failed","errors":{"passwordConfirm":{"kind":"required","message":"Please confirm your password","name":"ValidatorError","path":"passwordConfirm","properties":{"message":"Please confirm your password","path":"passwordConfirm","type":"required"}}},"level":"error","message":"User validation failed: passwordConfirm: Please confirm your password","name":"ValidationError","timestamp":"2024-10-17T07:20:48.647Z"}
{"level":"info","message":"Server is running on Port 5000","timestamp":"2024-10-17T07:25:08.436Z"}
{"level":"info","message":"Database Connection Succesfull","timestamp":"2024-10-17T07:25:08.486Z"}
{"level":"info","message":"Server is running on Port 5000","timestamp":"2024-10-17T18:50:09.743Z"}
{"level":"info","message":"Database Connection Succesfull","timestamp":"2024-10-17T18:50:09.930Z"}
{"level":"info","message":"Server is running on Port 5000","timestamp":"2024-10-17T18:52:05.374Z"}
{"level":"info","message":"Database Connection Succesfull","timestamp":"2024-10-17T18:52:05.434Z"}
{"level":"info","message":"Server is running on Port 5000","timestamp":"2024-10-17T19:05:55.352Z"}
{"level":"info","message":"Database Connection Succesfull","timestamp":"2024-10-17T19:05:55.384Z"}
{"level":"info","message":"Server is running on Port 5000","timestamp":"2024-10-17T19:14:35.566Z"}
{"level":"info","message":"Database Connection Succesfull","timestamp":"2024-10-17T19:14:35.616Z"}
{"level":"info","message":"Server is running on Port 5000","timestamp":"2024-10-17T19:23:11.158Z"}
{"level":"info","message":"Database Connection Succesfull","timestamp":"2024-10-17T19:23:11.352Z"}
{"level":"error","message":"Expected ',' or '}' after property value in JSON at position 321 (line 10 column 28)","timestamp":"2024-10-17T19:34:20.953Z"}
{"level":"info","message":"Server is running on Port 5000","timestamp":"2024-10-17T20:16:47.535Z"}
{"level":"info","message":"Database Connection Succesfull","timestamp":"2024-10-17T20:16:47.846Z"}
{"level":"info","message":"Server is running on Port 5000","timestamp":"2024-10-17T20:59:45.603Z"}
{"level":"info","message":"Database Connection Succesfull","timestamp":"2024-10-17T20:59:45.779Z"}
{"level":"info","message":"Server is running on Port 5000","timestamp":"2024-10-17T21:04:37.026Z"}
{"level":"info","message":"Database Connection Succesfull","timestamp":"2024-10-17T21:04:37.074Z"}
{"level":"info","message":"Server is running on Port 5000","timestamp":"2024-10-17T21:08:56.019Z"}
{"level":"info","message":"Database Connection Succesfull","timestamp":"2024-10-17T21:08:56.071Z"}
{"level":"info","message":"Server is running on Port 5000","timestamp":"2024-10-17T21:08:59.352Z"}
{"level":"info","message":"Database Connection Succesfull","timestamp":"2024-10-17T21:08:59.405Z"}
{"level":"info","message":"Server is running on Port 5000","timestamp":"2024-10-17T21:10:32.534Z"}
{"level":"info","message":"Database Connection Succesfull","timestamp":"2024-10-17T21:10:32.574Z"}
{"level":"info","message":"Server is running on Port 5000","timestamp":"2024-10-17T21:11:36.872Z"}
{"level":"info","message":"Database Connection Succesfull","timestamp":"2024-10-17T21:11:36.919Z"}
{"level":"info","message":"Server is running on Port 5000","timestamp":"2024-10-17T21:13:10.609Z"}
{"level":"info","message":"Database Connection Succesfull","timestamp":"2024-10-17T21:13:10.693Z"}
{"level":"info","message":"Server is running on Port 5000","timestamp":"2024-10-17T21:14:34.311Z"}
{"level":"info","message":"Database Connection Succesfull","timestamp":"2024-10-17T21:14:36.065Z"}
{"level":"info","message":"Server is running on Port 5000","timestamp":"2024-10-17T22:27:58.927Z"}
{"level":"info","message":"Database Connection Succesfull","timestamp":"2024-10-17T22:27:58.995Z"}
{"level":"info","message":"Server is running on Port 5000","timestamp":"2024-10-17T22:34:08.826Z"}
{"level":"info","message":"Database Connection Succesfull","timestamp":"2024-10-17T22:34:08.892Z"}
{"level":"info","message":"Server is running on Port 5000","timestamp":"2024-10-17T22:43:13.422Z"}
{"level":"info","message":"Database Connection Succesfull","timestamp":"2024-10-17T22:43:13.468Z"}
{"level":"info","message":"Server is running on Port 5000","timestamp":"2024-10-17T22:45:08.625Z"}
{"level":"info","message":"Database Connection Succesfull","timestamp":"2024-10-17T22:45:08.691Z"}
{"level":"error","message":"username is not defined","timestamp":"2024-10-17T22:45:53.745Z"}
{"level":"error","message":"username is not defined","timestamp":"2024-10-17T22:46:02.567Z"}
{"level":"info","message":"Server is running on Port 5000","timestamp":"2024-10-17T22:46:21.760Z"}
{"level":"info","message":"Database Connection Succesfull","timestamp":"2024-10-17T22:46:21.846Z"}
{"level":"info","message":"Server is running on Port 5000","timestamp":"2024-10-17T22:48:55.451Z"}
{"level":"info","message":"Database Connection Succesfull","timestamp":"2024-10-17T22:48:55.500Z"}
{"level":"info","message":"Server is running on Port 5000","timestamp":"2024-10-17T22:49:06.072Z"}
{"level":"info","message":"Database Connection Succesfull","timestamp":"2024-10-17T22:49:06.136Z"}
{"level":"error","message":"password is not defined","timestamp":"2024-10-17T22:49:15.845Z"}
{"level":"error","message":"password is not defined","timestamp":"2024-10-17T22:49:17.672Z"}
{"level":"info","message":"Server is running on Port 5000","timestamp":"2024-10-17T22:49:36.932Z"}
{"level":"info","message":"Database Connection Succesfull","timestamp":"2024-10-17T22:49:36.979Z"}
{"level":"error","message":"password is not defined","timestamp":"2024-10-17T22:49:41.738Z"}
{"level":"info","message":"Server is running on Port 5000","timestamp":"2024-10-17T22:57:48.262Z"}
{"level":"info","message":"Database Connection Succesfull","timestamp":"2024-10-17T22:57:48.318Z"}
{"level":"info","message":"Server is running on Port 5000","timestamp":"2024-10-17T23:19:13.499Z"}
{"level":"info","message":"Database Connection Succesfull","timestamp":"2024-10-17T23:19:13.571Z"}
{"level":"info","message":"Server is running on Port 5000","timestamp":"2024-10-17T23:20:59.697Z"}
{"level":"info","message":"Database Connection Succesfull","timestamp":"2024-10-17T23:20:59.746Z"}
{"level":"info","message":"Server is running on Port 5000","timestamp":"2024-10-18T05:00:58.967Z"}
{"level":"info","message":"Database Connection Succesfull","timestamp":"2024-10-18T05:00:59.135Z"}
{"level":"info","message":"Server is running on Port 5000","timestamp":"2024-10-18T06:44:41.597Z"}
{"level":"info","message":"Database Connection Succesfull","timestamp":"2024-10-18T06:44:42.413Z"}
{"level":"info","message":"Server is running on Port 5000","timestamp":"2024-10-18T06:58:45.015Z"}
{"level":"info","message":"Database Connection Succesfull","timestamp":"2024-10-18T06:58:45.098Z"}
{"level":"info","message":"Server is running on Port 5000","timestamp":"2024-10-18T17:28:21.345Z"}
{"level":"info","message":"Database Connection Succesfull","timestamp":"2024-10-18T17:28:21.451Z"}
{"level":"info","message":"Server is running on Port 5000","timestamp":"2024-10-19T03:50:51.359Z"}
{"level":"info","message":"Database Connection Succesfull","timestamp":"2024-10-19T03:50:51.736Z"}
{"level":"info","message":"Server is running on Port 5000","timestamp":"2024-10-19T04:26:44.577Z"}
{"level":"info","message":"Database Connection Succesfull","timestamp":"2024-10-19T04:26:44.681Z"}
{"level":"info","message":"Server is running on Port 5000","timestamp":"2024-10-19T04:28:36.614Z"}
{"level":"info","message":"Database Connection Succesfull","timestamp":"2024-10-19T04:28:36.754Z"}
{"level":"info","message":"Server is running on Port 5000","timestamp":"2024-10-19T22:48:29.232Z"}
{"level":"info","message":"Database Connection Succesfull","timestamp":"2024-10-19T22:48:30.472Z"}
{"level":"info","message":"Server is running on Port 5000","timestamp":"2024-10-19T23:00:01.934Z"}
{"level":"info","message":"Database Connection Succesfull","timestamp":"2024-10-19T23:00:02.265Z"}
{"level":"info","message":"Server is running on Port 5000","timestamp":"2024-10-19T23:06:02.046Z"}
{"level":"info","message":"Database Connection Succesfull","timestamp":"2024-10-19T23:06:02.282Z"}
{"level":"info","message":"Server is running on Port 5000","timestamp":"2024-10-19T23:11:35.978Z"}
{"level":"info","message":"Database Connection Succesfull","timestamp":"2024-10-19T23:11:36.084Z"}
{"level":"info","message":"Server is running on Port 5000","timestamp":"2024-10-20T00:06:07.206Z"}
{"level":"info","message":"Database Connection Succesfull","timestamp":"2024-10-20T00:06:14.451Z"}
{"level":"info","message":"Server is running on Port 5000","timestamp":"2024-10-20T00:18:30.871Z"}
{"level":"info","message":"Database Connection Succesfull","timestamp":"2024-10-20T00:18:30.942Z"}
{"level":"info","message":"Server is running on Port 5000","timestamp":"2024-10-20T00:19:22.402Z"}
{"level":"info","message":"Database Connection Succesfull","timestamp":"2024-10-20T00:19:22.467Z"}
{"level":"info","message":"Server is running on Port 5000","timestamp":"2024-10-20T00:35:58.269Z"}
{"level":"info","message":"Database Connection Succesfull","timestamp":"2024-10-20T00:35:58.356Z"}
{"level":"info","message":"Server is running on Port 5000","timestamp":"2024-10-20T00:58:30.891Z"}
{"level":"info","message":"Database Connection Succesfull","timestamp":"2024-10-20T00:58:31.139Z"}
{"level":"info","message":"Server is running on Port 5000","timestamp":"2024-10-20T01:06:54.037Z"}
{"level":"info","message":"Database Connection Succesfull","timestamp":"2024-10-20T01:06:54.214Z"}
{"level":"info","message":"Server is running on Port 5000","timestamp":"2024-10-20T01:09:28.187Z"}
{"level":"info","message":"Database Connection Succesfull","timestamp":"2024-10-20T01:09:28.359Z"}
{"level":"info","message":"Server is running on Port 5000","timestamp":"2024-10-20T01:19:32.467Z"}
{"level":"info","message":"Database Connection Succesfull","timestamp":"2024-10-20T01:19:32.881Z"}
{"level":"info","message":"Server is running on Port 5000","timestamp":"2024-10-20T01:55:18.135Z"}
{"level":"info","message":"Database Connection Succesfull","timestamp":"2024-10-20T01:55:19.797Z"}
{"level":"info","message":"Server is running on Port 5000","timestamp":"2024-10-20T18:07:25.416Z"}
{"level":"info","message":"Database Connection Succesfull","timestamp":"2024-10-20T18:07:26.857Z"}
{"level":"info","message":"Server is running on Port 5000","timestamp":"2024-10-20T18:30:44.572Z"}
{"level":"info","message":"Database Connection Succesfull","timestamp":"2024-10-20T18:30:44.943Z"}
{"level":"info","message":"Server is running on Port 5000","timestamp":"2024-10-20T18:38:58.465Z"}
{"level":"info","message":"Database Connection Succesfull","timestamp":"2024-10-20T18:38:58.579Z"}
{"level":"info","message":"Server is running on Port 5000","timestamp":"2024-10-20T18:54:44.085Z"}
{"level":"info","message":"Database Connection Succesfull","timestamp":"2024-10-20T18:54:44.343Z"}
{"level":"info","message":"Server is running on Port 5000","timestamp":"2024-10-20T21:08:28.532Z"}
{"level":"info","message":"Database Connection Succesfull","timestamp":"2024-10-20T21:08:28.725Z"}
{"level":"info","message":"Server is running on Port 5000","timestamp":"2024-10-20T21:16:23.360Z"}
{"level":"info","message":"Database Connection Succesfull","timestamp":"2024-10-20T21:16:23.638Z"}
{"level":"info","message":"Server is running on Port 5000","timestamp":"2024-10-20T21:17:26.307Z"}
{"level":"info","message":"Database Connection Succesfull","timestamp":"2024-10-20T21:17:26.605Z"}
{"level":"info","message":"Server is running on Port 5000","timestamp":"2024-10-20T21:18:15.352Z"}
{"level":"info","message":"Database Connection Succesfull","timestamp":"2024-10-20T21:18:15.592Z"}
{"level":"info","message":"Server is running on Port 5000","timestamp":"2024-10-20T21:18:29.052Z"}
{"level":"info","message":"Database Connection Succesfull","timestamp":"2024-10-20T21:18:29.263Z"}
{"level":"info","message":"Server is running on Port 5000","timestamp":"2024-10-20T21:18:58.440Z"}
{"level":"info","message":"Database Connection Succesfull","timestamp":"2024-10-20T21:18:58.665Z"}
{"level":"info","message":"Server is running on Port 5000","timestamp":"2024-10-20T21:19:40.862Z"}
{"level":"info","message":"Database Connection Succesfull","timestamp":"2024-10-20T21:19:41.119Z"}
{"level":"info","message":"Server is running on Port 5000","timestamp":"2024-10-20T22:24:04.376Z"}
{"level":"info","message":"Database Connection Succesfull","timestamp":"2024-10-20T22:24:04.520Z"}
{"level":"info","message":"Server is running on Port 5000","timestamp":"2024-10-20T22:30:09.428Z"}
{"level":"info","message":"Database Connection Succesfull","timestamp":"2024-10-20T22:30:09.687Z"}
{"level":"info","message":"Server is running on Port 5000","timestamp":"2024-10-20T22:38:28.048Z"}
{"level":"info","message":"Database Connection Succesfull","timestamp":"2024-10-20T22:38:28.262Z"}
{"level":"info","message":"Server is running on Port 5000","timestamp":"2024-10-20T22:40:30.359Z"}
{"level":"info","message":"Database Connection Succesfull","timestamp":"2024-10-20T22:40:30.702Z"}
{"level":"info","message":"Server is running on Port 5000","timestamp":"2024-10-20T22:41:48.486Z"}
{"level":"info","message":"Database Connection Succesfull","timestamp":"2024-10-20T22:41:48.686Z"}
{"level":"info","message":"Server is running on Port 5000","timestamp":"2024-10-20T23:43:39.593Z"}
{"level":"info","message":"Database Connection Succesfull","timestamp":"2024-10-20T23:43:40.494Z"}
{"level":"info","message":"Server is running on Port 5000","timestamp":"2024-10-20T23:51:55.250Z"}
{"level":"info","message":"Database Connection Succesfull","timestamp":"2024-10-20T23:51:55.424Z"}
{"level":"info","message":"Server is running on Port 5000","timestamp":"2024-10-21T07:35:37.269Z"}
{"level":"info","message":"Database Connection Succesfull","timestamp":"2024-10-21T07:35:37.854Z"}
{"level":"info","message":"Server is running on Port 5000","timestamp":"2024-10-21T07:52:45.613Z"}
{"level":"info","message":"Database Connection Succesfull","timestamp":"2024-10-21T07:52:45.854Z"}
{"level":"info","message":"Server is running on Port 5000","timestamp":"2024-10-23T19:45:40.281Z"}
{"level":"info","message":"Database Connection Succesfull","timestamp":"2024-10-23T19:45:42.083Z"}
{"level":"info","message":"Server is running on Port 5000","timestamp":"2024-10-23T23:11:58.043Z"}
{"level":"info","message":"Database Connection Succesfull","timestamp":"2024-10-23T23:11:58.476Z"}
{"level":"info","message":"Server is running on Port 5000","timestamp":"2024-10-24T00:38:03.886Z"}
{"level":"info","message":"Database Connection Succesfull","timestamp":"2024-10-24T00:38:04.080Z"}
{"level":"info","message":"Server is running on Port 5000","timestamp":"2024-10-24T00:46:02.121Z"}
{"level":"info","message":"Database Connection Succesfull","timestamp":"2024-10-24T00:46:02.338Z"}
{"level":"info","message":"Server is running on Port 5000","timestamp":"2024-10-24T00:48:38.048Z"}
{"level":"info","message":"Database Connection Succesfull","timestamp":"2024-10-24T00:48:38.346Z"}
{"level":"info","message":"Server is running on Port 5000","timestamp":"2024-10-24T00:52:29.279Z"}
{"level":"info","message":"Database Connection Succesfull","timestamp":"2024-10-24T00:52:29.430Z"}
{"level":"info","message":"Server is running on Port 5000","timestamp":"2024-10-24T00:53:05.901Z"}
{"level":"info","message":"Database Connection Succesfull","timestamp":"2024-10-24T00:53:06.119Z"}
{"level":"info","message":"Server is running on Port 5000","timestamp":"2024-10-24T00:58:20.637Z"}
{"level":"info","message":"Database Connection Succesfull","timestamp":"2024-10-24T00:58:20.855Z"}
{"level":"info","message":"Server is running on Port 5000","timestamp":"2024-10-24T01:08:55.540Z"}
{"level":"info","message":"Database Connection Succesfull","timestamp":"2024-10-24T01:08:55.726Z"}
{"level":"info","message":"Server is running on Port 5000","timestamp":"2024-10-24T15:35:55.451Z"}
{"level":"info","message":"Database Connection Succesfull","timestamp":"2024-10-24T15:36:00.310Z"}
{"level":"info","message":"Server is running on Port 5000","timestamp":"2024-10-26T22:17:13.661Z"}
{"level":"info","message":"Database Connection Succesfull","timestamp":"2024-10-26T22:17:22.025Z"}
{"level":"info","message":"Server is running on Port 5000","timestamp":"2024-10-27T19:05:41.347Z"}
{"level":"info","message":"Database Connection Succesfull","timestamp":"2024-10-27T19:05:43.778Z"}
{"level":"info","message":"Server is running on Port 5000","timestamp":"2024-10-28T05:40:12.337Z"}
{"level":"info","message":"Database Connection Succesfull","timestamp":"2024-10-28T05:40:20.783Z"}
{"level":"info","message":"Server is running on Port 5000","timestamp":"2024-10-28T16:00:05.602Z"}
{"level":"info","message":"Database Connection Succesfull","timestamp":"2024-10-28T16:00:06.086Z"}
{"level":"info","message":"Server is running on Port 5000","timestamp":"2024-10-28T16:22:19.899Z"}
{"level":"info","message":"Database Connection Succesfull","timestamp":"2024-10-28T16:22:20.913Z"}
{"level":"info","message":"Server is running on Port 5000","timestamp":"2024-10-28T21:53:51.786Z"}
{"level":"info","message":"Database Connection Succesfull","timestamp":"2024-10-28T21:53:52.258Z"}
{"level":"info","message":"Server is running on Port 5000","timestamp":"2024-10-28T23:56:41.392Z"}
{"level":"info","message":"Database Connection Succesfull","timestamp":"2024-10-28T23:56:41.981Z"}
{"level":"info","message":"Server is running on Port 5000","timestamp":"2024-10-29T18:21:14.029Z"}
{"level":"info","message":"Database Connection Succesfull","timestamp":"2024-10-29T18:21:15.484Z"}
{"level":"info","message":"Server is running on Port 5000","timestamp":"2024-10-30T19:01:29.410Z"}
{"level":"info","message":"Database Connection Succesfull","timestamp":"2024-10-30T19:01:30.410Z"}
{"level":"info","message":"Server is running on Port 5000","timestamp":"2024-10-31T20:29:48.497Z"}
{"level":"error","message":"Database Connection Error connect ECONNREFUSED ::1:27017, connect ECONNREFUSED 127.0.0.1:27017","reason":{"commonWireVersion":0,"compatible":true,"heartbeatFrequencyMS":10000,"localThresholdMS":15,"logicalSessionTimeoutMinutes":null,"maxElectionId":null,"maxSetVersion":null,"servers":{"localhost:27017":{"$clusterTime":null,"address":"localhost:27017","arbiters":[],"electionId":null,"error":{},"hosts":[],"lastUpdateTime":12644807,"lastWriteDate":0,"logicalSessionTimeoutMinutes":null,"maxWireVersion":0,"me":null,"minRoundTripTime":0,"minWireVersion":0,"passives":[],"primary":null,"roundTripTime":-1,"setName":null,"setVersion":null,"tags":{},"topologyVersion":null,"type":"Unknown"}},"setName":null,"stale":false,"type":"Unknown"},"stack":"MongooseServerSelectionError: connect ECONNREFUSED ::1:27017, connect ECONNREFUSED 127.0.0.1:27017\n    at _handleConnectionErrors (C:\\Users\\HomAgeSystems\\Desktop\\job backend\\node_modules\\mongoose\\lib\\connection.js:909:11)\n    at NativeConnection.openUri (C:\\Users\\HomAgeSystems\\Desktop\\job backend\\node_modules\\mongoose\\lib\\connection.js:860:11)\n    at async connectDB (file:///C:/Users/HomAgeSystems/Desktop/job%20backend/config/database.js:9:5)","timestamp":"2024-10-31T20:30:18.356Z"}
{"level":"info","message":"Server is running on Port 5000","timestamp":"2024-10-31T20:41:34.820Z"}
{"level":"info","message":"Database Connection Succesfull","timestamp":"2024-10-31T20:41:35.725Z"}
{"level":"info","message":"Server is running on Port 5000","timestamp":"2024-11-01T11:27:16.621Z"}
{"level":"info","message":"Database Connection Succesfull","timestamp":"2024-11-01T11:27:16.891Z"}
{"level":"info","message":"Server is running on Port 5000","timestamp":"2024-11-02T02:23:34.832Z"}
{"level":"info","message":"Database Connection Succesfull","timestamp":"2024-11-02T02:23:38.995Z"}
{"level":"info","message":"Server is running on Port 5000","timestamp":"2024-11-02T03:46:59.803Z"}
{"level":"info","message":"Database Connection Succesfull","timestamp":"2024-11-02T03:46:59.975Z"}
{"level":"info","message":"Server is running on Port 5000","timestamp":"2024-11-02T03:47:29.309Z"}
{"level":"info","message":"Database Connection Succesfull","timestamp":"2024-11-02T03:47:29.363Z"}
{"level":"info","message":"Server is running on Port 5000","timestamp":"2024-11-02T03:50:44.667Z"}
{"level":"info","message":"Database Connection Succesfull","timestamp":"2024-11-02T03:50:44.773Z"}
{"level":"info","message":"Server is running on Port 5000","timestamp":"2024-11-02T03:57:32.889Z"}
{"level":"info","message":"Database Connection Succesfull","timestamp":"2024-11-02T03:57:32.955Z"}
{"level":"info","message":"Server is running on Port 5000","timestamp":"2024-11-02T03:59:24.007Z"}
{"level":"info","message":"Database Connection Succesfull","timestamp":"2024-11-02T03:59:24.074Z"}
{"level":"info","message":"Server is running on Port 5000","timestamp":"2024-11-02T04:01:17.902Z"}
{"level":"info","message":"Database Connection Succesfull","timestamp":"2024-11-02T04:01:17.958Z"}
{"level":"info","message":"Server is running on Port 5000","timestamp":"2024-11-02T04:01:49.445Z"}
{"level":"info","message":"Database Connection Succesfull","timestamp":"2024-11-02T04:01:49.492Z"}
{"level":"info","message":"Server is running on Port 5000","timestamp":"2024-11-02T04:09:50.073Z"}
{"level":"info","message":"Database Connection Succesfull","timestamp":"2024-11-02T04:09:50.100Z"}
{"level":"info","message":"Server is running on Port 5000","timestamp":"2024-11-02T04:10:58.907Z"}
{"level":"info","message":"Database Connection Succesfull","timestamp":"2024-11-02T04:10:59.037Z"}
{"level":"info","message":"Server is running on Port 5000","timestamp":"2024-11-02T04:19:56.744Z"}
{"level":"info","message":"Database Connection Succesfull","timestamp":"2024-11-02T04:19:56.825Z"}
{"level":"info","message":"Server is running on Port 5000","timestamp":"2024-11-02T04:23:07.627Z"}
{"level":"info","message":"Database Connection Succesfull","timestamp":"2024-11-02T04:23:07.686Z"}
{"level":"info","message":"Server is running on Port 5000","timestamp":"2024-11-02T04:23:16.375Z"}
{"level":"info","message":"Database Connection Succesfull","timestamp":"2024-11-02T04:23:16.425Z"}
{"level":"info","message":"Server is running on Port 5000","timestamp":"2024-11-02T04:31:35.764Z"}
{"level":"info","message":"Database Connection Succesfull","timestamp":"2024-11-02T04:31:35.793Z"}
{"level":"info","message":"Server is running on Port 5000","timestamp":"2024-11-02T04:34:35.573Z"}
{"level":"info","message":"Database Connection Succesfull","timestamp":"2024-11-02T04:34:35.625Z"}
{"level":"info","message":"Server is running on Port 5000","timestamp":"2024-11-02T20:30:42.117Z"}
{"level":"error","message":"Database Connection Error connect ECONNREFUSED ::1:27017, connect ECONNREFUSED 127.0.0.1:27017","reason":{"commonWireVersion":0,"compatible":true,"heartbeatFrequencyMS":10000,"localThresholdMS":15,"logicalSessionTimeoutMinutes":null,"maxElectionId":null,"maxSetVersion":null,"servers":{"localhost:27017":{"$clusterTime":null,"address":"localhost:27017","arbiters":[],"electionId":null,"error":{},"hosts":[],"lastUpdateTime":4668382,"lastWriteDate":0,"logicalSessionTimeoutMinutes":null,"maxWireVersion":0,"me":null,"minRoundTripTime":0,"minWireVersion":0,"passives":[],"primary":null,"roundTripTime":-1,"setName":null,"setVersion":null,"tags":{},"topologyVersion":null,"type":"Unknown"}},"setName":null,"stale":false,"type":"Unknown"},"stack":"MongooseServerSelectionError: connect ECONNREFUSED ::1:27017, connect ECONNREFUSED 127.0.0.1:27017\n    at _handleConnectionErrors (C:\\Users\\HomAgeSystems\\Desktop\\job backend\\node_modules\\mongoose\\lib\\connection.js:909:11)\n    at NativeConnection.openUri (C:\\Users\\HomAgeSystems\\Desktop\\job backend\\node_modules\\mongoose\\lib\\connection.js:860:11)\n    at async connectDB (file:///C:/Users/HomAgeSystems/Desktop/job%20backend/config/database.js:9:5)","timestamp":"2024-11-02T20:31:11.962Z"}
{"level":"info","message":"Server is running on Port 5000","timestamp":"2024-11-02T21:11:59.961Z"}
{"level":"error","message":"Database Connection Error connect ECONNREFUSED ::1:27017, connect ECONNREFUSED 127.0.0.1:27017","reason":{"commonWireVersion":0,"compatible":true,"heartbeatFrequencyMS":10000,"localThresholdMS":15,"logicalSessionTimeoutMinutes":null,"maxElectionId":null,"maxSetVersion":null,"servers":{"localhost:27017":{"$clusterTime":null,"address":"localhost:27017","arbiters":[],"electionId":null,"error":{},"hosts":[],"lastUpdateTime":7146022,"lastWriteDate":0,"logicalSessionTimeoutMinutes":null,"maxWireVersion":0,"me":null,"minRoundTripTime":0,"minWireVersion":0,"passives":[],"primary":null,"roundTripTime":-1,"setName":null,"setVersion":null,"tags":{},"topologyVersion":null,"type":"Unknown"}},"setName":null,"stale":false,"type":"Unknown"},"stack":"MongooseServerSelectionError: connect ECONNREFUSED ::1:27017, connect ECONNREFUSED 127.0.0.1:27017\n    at _handleConnectionErrors (C:\\Users\\HomAgeSystems\\Desktop\\job backend\\node_modules\\mongoose\\lib\\connection.js:909:11)\n    at NativeConnection.openUri (C:\\Users\\HomAgeSystems\\Desktop\\job backend\\node_modules\\mongoose\\lib\\connection.js:860:11)\n    at async connectDB (file:///C:/Users/HomAgeSystems/Desktop/job%20backend/config/database.js:9:5)","timestamp":"2024-11-02T21:12:29.474Z"}
{"level":"info","message":"Server is running on Port 5000","timestamp":"2024-11-02T21:13:22.343Z"}
{"level":"info","message":"Server is running on Port 5000","timestamp":"2024-11-02T21:44:51.121Z"}
{"level":"info","message":"Database Connection Succesfull","timestamp":"2024-11-02T21:44:51.517Z"}
{"level":"info","message":"Server is running on Port 5000","timestamp":"2024-11-02T21:57:44.041Z"}
{"level":"info","message":"Database Connection Succesfull","timestamp":"2024-11-02T21:57:44.101Z"}
{"level":"info","message":"Server is running on Port 5000","timestamp":"2024-11-03T05:44:19.950Z"}
{"level":"info","message":"Database Connection Succesfull","timestamp":"2024-11-03T05:44:20.339Z"}
{"level":"info","message":"Server is running on Port 5000","timestamp":"2024-11-03T05:52:54.957Z"}
{"level":"info","message":"Database Connection Succesfull","timestamp":"2024-11-03T05:52:54.991Z"}
{"level":"info","message":"Server is running on Port 5000","timestamp":"2024-11-03T18:30:06.413Z"}
{"level":"info","message":"Database Connection Succesfull","timestamp":"2024-11-03T18:30:07.086Z"}
{"level":"info","message":"Server is running on Port 5000","timestamp":"2024-11-03T18:32:31.885Z"}
{"level":"info","message":"Database Connection Succesfull","timestamp":"2024-11-03T18:32:32.063Z"}
{"level":"info","message":"Server is running on Port 5000","timestamp":"2024-11-03T19:04:47.207Z"}
{"level":"info","message":"Database Connection Succesfull","timestamp":"2024-11-03T19:04:47.254Z"}
{"level":"info","message":"Server is running on Port 6000","timestamp":"2024-11-03T20:07:06.936Z"}
{"level":"info","message":"Database Connection Succesfull","timestamp":"2024-11-03T20:07:07.184Z"}
{"level":"info","message":"Server is running on Port 5000","timestamp":"2024-11-03T20:35:50.216Z"}
{"level":"error","message":"Database Connection Error connect ECONNREFUSED ::1:27017, connect ECONNREFUSED 127.0.0.1:27017","reason":{"commonWireVersion":0,"compatible":true,"heartbeatFrequencyMS":10000,"localThresholdMS":15,"logicalSessionTimeoutMinutes":null,"maxElectionId":null,"maxSetVersion":null,"servers":{"localhost:27017":{"$clusterTime":null,"address":"localhost:27017","arbiters":[],"electionId":null,"error":{},"hosts":[],"lastUpdateTime":1101918,"lastWriteDate":0,"logicalSessionTimeoutMinutes":null,"maxWireVersion":0,"me":null,"minRoundTripTime":0,"minWireVersion":0,"passives":[],"primary":null,"roundTripTime":-1,"setName":null,"setVersion":null,"tags":{},"topologyVersion":null,"type":"Unknown"}},"setName":null,"stale":false,"type":"Unknown"},"stack":"MongooseServerSelectionError: connect ECONNREFUSED ::1:27017, connect ECONNREFUSED 127.0.0.1:27017\n    at _handleConnectionErrors (C:\\Users\\HomAgeSystems\\Desktop\\job backend\\node_modules\\mongoose\\lib\\connection.js:909:11)\n    at NativeConnection.openUri (C:\\Users\\HomAgeSystems\\Desktop\\job backend\\node_modules\\mongoose\\lib\\connection.js:860:11)\n    at runNextTicks (node:internal/process/task_queues:60:5)\n    at listOnTimeout (node:internal/timers:540:9)\n    at process.processTimers (node:internal/timers:514:7)\n    at async connectDB (file:///C:/Users/HomAgeSystems/Desktop/job%20backend/config/database.js:9:5)","timestamp":"2024-11-03T20:36:20.258Z"}
{"level":"info","message":"Server is running on Port 5000","timestamp":"2024-11-03T20:42:05.521Z"}
{"level":"info","message":"Database Connection Succesfull","timestamp":"2024-11-03T20:42:05.971Z"}
{"level":"info","message":"Server is running on Port 5000","timestamp":"2024-11-04T00:48:41.846Z"}
{"level":"info","message":"Database Connection Succesfull","timestamp":"2024-11-04T00:48:42.029Z"}
{"level":"info","message":"Server is running on Port 5000","timestamp":"2024-11-04T20:08:37.326Z"}
{"level":"error","message":"Database Connection Error connect ECONNREFUSED ::1:27017, connect ECONNREFUSED 127.0.0.1:27017","reason":{"commonWireVersion":0,"compatible":true,"heartbeatFrequencyMS":10000,"localThresholdMS":15,"logicalSessionTimeoutMinutes":null,"maxElectionId":null,"maxSetVersion":null,"servers":{"localhost:27017":{"$clusterTime":null,"address":"localhost:27017","arbiters":[],"electionId":null,"error":{},"hosts":[],"lastUpdateTime":1507392,"lastWriteDate":0,"logicalSessionTimeoutMinutes":null,"maxWireVersion":0,"me":null,"minRoundTripTime":0,"minWireVersion":0,"passives":[],"primary":null,"roundTripTime":-1,"setName":null,"setVersion":null,"tags":{},"topologyVersion":null,"type":"Unknown"}},"setName":null,"stale":false,"type":"Unknown"},"stack":"MongooseServerSelectionError: connect ECONNREFUSED ::1:27017, connect ECONNREFUSED 127.0.0.1:27017\n    at _handleConnectionErrors (C:\\Users\\HomAgeSystems\\Desktop\\job backend\\node_modules\\mongoose\\lib\\connection.js:909:11)\n    at NativeConnection.openUri (C:\\Users\\HomAgeSystems\\Desktop\\job backend\\node_modules\\mongoose\\lib\\connection.js:860:11)\n    at async connectDB (file:///C:/Users/HomAgeSystems/Desktop/job%20backend/config/database.js:9:5)","timestamp":"2024-11-04T20:09:06.946Z"}
{"level":"info","message":"Server is running on Port 5000","timestamp":"2024-11-04T20:19:05.025Z"}
{"level":"info","message":"Database Connection Succesfull","timestamp":"2024-11-04T20:19:05.433Z"}
{"level":"info","message":"Server is running on Port 5000","timestamp":"2024-11-04T20:47:50.826Z"}
{"level":"info","message":"Database Connection Succesfull","timestamp":"2024-11-04T20:47:50.860Z"}
{"level":"info","message":"Server is running on Port 5000","timestamp":"2024-11-06T09:11:06.503Z"}
{"level":"info","message":"Database Connection Succesfull","timestamp":"2024-11-06T09:11:12.879Z"}
{"level":"info","message":"Server is running on Port 5000","timestamp":"2024-11-07T22:10:55.458Z"}
{"level":"info","message":"Database Connection Succesfull","timestamp":"2024-11-07T22:10:55.931Z"}
{"level":"info","message":"Server is running on Port 5000","timestamp":"2024-11-07T22:40:46.320Z"}
{"level":"info","message":"Database Connection Succesfull","timestamp":"2024-11-07T22:40:47.449Z"}
{"kind":"ObjectId","message":"Cast to ObjectId failed for value \"categories\" (type string) at path \"_id\" for model \"Job\"","name":"CastError","path":"_id","reason":{},"stringValue":"\"categories\"","value":"categories","valueType":"string"}
{"level":"error","message":"Cast to ObjectId failed for value \"categories\" (type string) at path \"_id\" for model \"Job\"","timestamp":"2024-11-07T22:52:01.995Z"}
{"kind":"ObjectId","message":"Cast to ObjectId failed for value \"featured\" (type string) at path \"_id\" for model \"Job\"","name":"CastError","path":"_id","reason":{},"stringValue":"\"featured\"","value":"featured","valueType":"string"}
{"level":"error","message":"Cast to ObjectId failed for value \"featured\" (type string) at path \"_id\" for model \"Job\"","timestamp":"2024-11-07T22:52:02.003Z"}
{"kind":"ObjectId","message":"Cast to ObjectId failed for value \"categories\" (type string) at path \"_id\" for model \"Job\"","name":"CastError","path":"_id","reason":{},"stringValue":"\"categories\"","value":"categories","valueType":"string"}
{"level":"error","message":"Cast to ObjectId failed for value \"categories\" (type string) at path \"_id\" for model \"Job\"","timestamp":"2024-11-07T22:52:02.093Z"}
{"kind":"ObjectId","message":"Cast to ObjectId failed for value \"featured\" (type string) at path \"_id\" for model \"Job\"","name":"CastError","path":"_id","reason":{},"stringValue":"\"featured\"","value":"featured","valueType":"string"}
{"level":"error","message":"Cast to ObjectId failed for value \"featured\" (type string) at path \"_id\" for model \"Job\"","timestamp":"2024-11-07T22:52:02.557Z"}
{"kind":"ObjectId","message":"Cast to ObjectId failed for value \"categories\" (type string) at path \"_id\" for model \"Job\"","name":"CastError","path":"_id","reason":{},"stringValue":"\"categories\"","value":"categories","valueType":"string"}
{"level":"error","message":"Cast to ObjectId failed for value \"categories\" (type string) at path \"_id\" for model \"Job\"","timestamp":"2024-11-07T22:52:34.916Z"}
{"kind":"ObjectId","message":"Cast to ObjectId failed for value \"featured\" (type string) at path \"_id\" for model \"Job\"","name":"CastError","path":"_id","reason":{},"stringValue":"\"featured\"","value":"featured","valueType":"string"}
{"level":"error","message":"Cast to ObjectId failed for value \"featured\" (type string) at path \"_id\" for model \"Job\"","timestamp":"2024-11-07T22:52:34.922Z"}
{"kind":"ObjectId","message":"Cast to ObjectId failed for value \"categories\" (type string) at path \"_id\" for model \"Job\"","name":"CastError","path":"_id","reason":{},"stringValue":"\"categories\"","value":"categories","valueType":"string"}
{"level":"error","message":"Cast to ObjectId failed for value \"categories\" (type string) at path \"_id\" for model \"Job\"","timestamp":"2024-11-07T22:52:34.970Z"}
{"kind":"ObjectId","message":"Cast to ObjectId failed for value \"featured\" (type string) at path \"_id\" for model \"Job\"","name":"CastError","path":"_id","reason":{},"stringValue":"\"featured\"","value":"featured","valueType":"string"}
{"level":"error","message":"Cast to ObjectId failed for value \"featured\" (type string) at path \"_id\" for model \"Job\"","timestamp":"2024-11-07T22:52:35.309Z"}
{"kind":"ObjectId","message":"Cast to ObjectId failed for value \"categories\" (type string) at path \"_id\" for model \"Job\"","name":"CastError","path":"_id","reason":{},"stringValue":"\"categories\"","value":"categories","valueType":"string"}
{"level":"error","message":"Cast to ObjectId failed for value \"categories\" (type string) at path \"_id\" for model \"Job\"","timestamp":"2024-11-07T22:53:17.493Z"}
{"kind":"ObjectId","message":"Cast to ObjectId failed for value \"featured\" (type string) at path \"_id\" for model \"Job\"","name":"CastError","path":"_id","reason":{},"stringValue":"\"featured\"","value":"featured","valueType":"string"}
{"level":"error","message":"Cast to ObjectId failed for value \"featured\" (type string) at path \"_id\" for model \"Job\"","timestamp":"2024-11-07T22:53:17.501Z"}
{"kind":"ObjectId","message":"Cast to ObjectId failed for value \"featured\" (type string) at path \"_id\" for model \"Job\"","name":"CastError","path":"_id","reason":{},"stringValue":"\"featured\"","value":"featured","valueType":"string"}
{"level":"error","message":"Cast to ObjectId failed for value \"featured\" (type string) at path \"_id\" for model \"Job\"","timestamp":"2024-11-07T22:53:17.580Z"}
{"kind":"ObjectId","message":"Cast to ObjectId failed for value \"categories\" (type string) at path \"_id\" for model \"Job\"","name":"CastError","path":"_id","reason":{},"stringValue":"\"categories\"","value":"categories","valueType":"string"}
{"level":"error","message":"Cast to ObjectId failed for value \"categories\" (type string) at path \"_id\" for model \"Job\"","timestamp":"2024-11-07T22:53:17.943Z"}
{"kind":"ObjectId","message":"Cast to ObjectId failed for value \"featured\" (type string) at path \"_id\" for model \"Job\"","name":"CastError","path":"_id","reason":{},"stringValue":"\"featured\"","value":"featured","valueType":"string"}
{"level":"error","message":"Cast to ObjectId failed for value \"featured\" (type string) at path \"_id\" for model \"Job\"","timestamp":"2024-11-07T23:03:25.614Z"}
{"kind":"ObjectId","message":"Cast to ObjectId failed for value \"categories\" (type string) at path \"_id\" for model \"Job\"","name":"CastError","path":"_id","reason":{},"stringValue":"\"categories\"","value":"categories","valueType":"string"}
{"level":"error","message":"Cast to ObjectId failed for value \"categories\" (type string) at path \"_id\" for model \"Job\"","timestamp":"2024-11-07T23:03:25.622Z"}
{"kind":"ObjectId","message":"Cast to ObjectId failed for value \"categories\" (type string) at path \"_id\" for model \"Job\"","name":"CastError","path":"_id","reason":{},"stringValue":"\"categories\"","value":"categories","valueType":"string"}
{"level":"error","message":"Cast to ObjectId failed for value \"categories\" (type string) at path \"_id\" for model \"Job\"","timestamp":"2024-11-07T23:03:25.692Z"}
{"kind":"ObjectId","message":"Cast to ObjectId failed for value \"featured\" (type string) at path \"_id\" for model \"Job\"","name":"CastError","path":"_id","reason":{},"stringValue":"\"featured\"","value":"featured","valueType":"string"}
{"level":"error","message":"Cast to ObjectId failed for value \"featured\" (type string) at path \"_id\" for model \"Job\"","timestamp":"2024-11-07T23:03:25.702Z"}
{"code":11000,"errorResponse":{"code":11000,"errmsg":"E11000 duplicate key error collection: jobify.users index: username_1 dup key: { username: \"enigma24\" }","index":0,"keyPattern":{"username":1},"keyValue":{"username":"enigma24"}},"index":0,"keyPattern":{"username":1},"keyValue":{"username":"enigma24"},"level":"error","timestamp":"2024-11-07T23:17:24.192Z"}
{"kind":"ObjectId","message":"Cast to ObjectId failed for value \"categories\" (type string) at path \"_id\" for model \"Job\"","name":"CastError","path":"_id","reason":{},"stringValue":"\"categories\"","value":"categories","valueType":"string"}
{"level":"error","message":"Cast to ObjectId failed for value \"categories\" (type string) at path \"_id\" for model \"Job\"","timestamp":"2024-11-07T23:26:32.730Z"}
{"kind":"ObjectId","message":"Cast to ObjectId failed for value \"featured\" (type string) at path \"_id\" for model \"Job\"","name":"CastError","path":"_id","reason":{},"stringValue":"\"featured\"","value":"featured","valueType":"string"}
{"level":"error","message":"Cast to ObjectId failed for value \"featured\" (type string) at path \"_id\" for model \"Job\"","timestamp":"2024-11-07T23:26:34.026Z"}
{"kind":"ObjectId","message":"Cast to ObjectId failed for value \"categories\" (type string) at path \"_id\" for model \"Job\"","name":"CastError","path":"_id","reason":{},"stringValue":"\"categories\"","value":"categories","valueType":"string"}
{"level":"error","message":"Cast to ObjectId failed for value \"categories\" (type string) at path \"_id\" for model \"Job\"","timestamp":"2024-11-07T23:26:34.533Z"}
{"kind":"ObjectId","message":"Cast to ObjectId failed for value \"featured\" (type string) at path \"_id\" for model \"Job\"","name":"CastError","path":"_id","reason":{},"stringValue":"\"featured\"","value":"featured","valueType":"string"}
{"level":"error","message":"Cast to ObjectId failed for value \"featured\" (type string) at path \"_id\" for model \"Job\"","timestamp":"2024-11-07T23:26:34.539Z"}
{"kind":"ObjectId","message":"Cast to ObjectId failed for value \"featured\" (type string) at path \"_id\" for model \"Job\"","name":"CastError","path":"_id","reason":{},"stringValue":"\"featured\"","value":"featured","valueType":"string"}
{"level":"error","message":"Cast to ObjectId failed for value \"featured\" (type string) at path \"_id\" for model \"Job\"","timestamp":"2024-11-07T23:27:20.966Z"}
{"kind":"ObjectId","message":"Cast to ObjectId failed for value \"categories\" (type string) at path \"_id\" for model \"Job\"","name":"CastError","path":"_id","reason":{},"stringValue":"\"categories\"","value":"categories","valueType":"string"}
{"level":"error","message":"Cast to ObjectId failed for value \"categories\" (type string) at path \"_id\" for model \"Job\"","timestamp":"2024-11-07T23:27:21.396Z"}
{"kind":"ObjectId","message":"Cast to ObjectId failed for value \"categories\" (type string) at path \"_id\" for model \"Job\"","name":"CastError","path":"_id","reason":{},"stringValue":"\"categories\"","value":"categories","valueType":"string"}
{"level":"error","message":"Cast to ObjectId failed for value \"categories\" (type string) at path \"_id\" for model \"Job\"","timestamp":"2024-11-07T23:27:21.411Z"}
{"kind":"ObjectId","message":"Cast to ObjectId failed for value \"featured\" (type string) at path \"_id\" for model \"Job\"","name":"CastError","path":"_id","reason":{},"stringValue":"\"featured\"","value":"featured","valueType":"string"}
{"level":"error","message":"Cast to ObjectId failed for value \"featured\" (type string) at path \"_id\" for model \"Job\"","timestamp":"2024-11-07T23:27:21.417Z"}
{"kind":"ObjectId","message":"Cast to ObjectId failed for value \"categories\" (type string) at path \"_id\" for model \"Job\"","name":"CastError","path":"_id","reason":{},"stringValue":"\"categories\"","value":"categories","valueType":"string"}
{"level":"error","message":"Cast to ObjectId failed for value \"categories\" (type string) at path \"_id\" for model \"Job\"","timestamp":"2024-11-07T23:27:40.953Z"}
{"kind":"ObjectId","message":"Cast to ObjectId failed for value \"featured\" (type string) at path \"_id\" for model \"Job\"","name":"CastError","path":"_id","reason":{},"stringValue":"\"featured\"","value":"featured","valueType":"string"}
{"level":"error","message":"Cast to ObjectId failed for value \"featured\" (type string) at path \"_id\" for model \"Job\"","timestamp":"2024-11-07T23:27:40.958Z"}
{"kind":"ObjectId","message":"Cast to ObjectId failed for value \"categories\" (type string) at path \"_id\" for model \"Job\"","name":"CastError","path":"_id","reason":{},"stringValue":"\"categories\"","value":"categories","valueType":"string"}
{"level":"error","message":"Cast to ObjectId failed for value \"categories\" (type string) at path \"_id\" for model \"Job\"","timestamp":"2024-11-07T23:27:42.003Z"}
{"kind":"ObjectId","message":"Cast to ObjectId failed for value \"featured\" (type string) at path \"_id\" for model \"Job\"","name":"CastError","path":"_id","reason":{},"stringValue":"\"featured\"","value":"featured","valueType":"string"}
{"level":"error","message":"Cast to ObjectId failed for value \"featured\" (type string) at path \"_id\" for model \"Job\"","timestamp":"2024-11-07T23:27:42.455Z"}
{"kind":"ObjectId","message":"Cast to ObjectId failed for value \"featured\" (type string) at path \"_id\" for model \"Job\"","name":"CastError","path":"_id","reason":{},"stringValue":"\"featured\"","value":"featured","valueType":"string"}
{"level":"error","message":"Cast to ObjectId failed for value \"featured\" (type string) at path \"_id\" for model \"Job\"","timestamp":"2024-11-08T00:40:27.588Z"}
{"kind":"ObjectId","message":"Cast to ObjectId failed for value \"categories\" (type string) at path \"_id\" for model \"Job\"","name":"CastError","path":"_id","reason":{},"stringValue":"\"categories\"","value":"categories","valueType":"string"}
{"level":"error","message":"Cast to ObjectId failed for value \"categories\" (type string) at path \"_id\" for model \"Job\"","timestamp":"2024-11-08T00:40:34.239Z"}
{"kind":"ObjectId","message":"Cast to ObjectId failed for value \"categories\" (type string) at path \"_id\" for model \"Job\"","name":"CastError","path":"_id","reason":{},"stringValue":"\"categories\"","value":"categories","valueType":"string"}
{"level":"error","message":"Cast to ObjectId failed for value \"categories\" (type string) at path \"_id\" for model \"Job\"","timestamp":"2024-11-08T00:40:37.517Z"}
{"kind":"ObjectId","message":"Cast to ObjectId failed for value \"featured\" (type string) at path \"_id\" for model \"Job\"","name":"CastError","path":"_id","reason":{},"stringValue":"\"featured\"","value":"featured","valueType":"string"}
{"level":"error","message":"Cast to ObjectId failed for value \"featured\" (type string) at path \"_id\" for model \"Job\"","timestamp":"2024-11-08T00:40:37.591Z"}
{"kind":"ObjectId","message":"Cast to ObjectId failed for value \"featured\" (type string) at path \"_id\" for model \"Job\"","name":"CastError","path":"_id","reason":{},"stringValue":"\"featured\"","value":"featured","valueType":"string"}
{"level":"error","message":"Cast to ObjectId failed for value \"featured\" (type string) at path \"_id\" for model \"Job\"","timestamp":"2024-11-08T00:49:07.999Z"}
{"kind":"ObjectId","message":"Cast to ObjectId failed for value \"categories\" (type string) at path \"_id\" for model \"Job\"","name":"CastError","path":"_id","reason":{},"stringValue":"\"categories\"","value":"categories","valueType":"string"}
{"level":"error","message":"Cast to ObjectId failed for value \"categories\" (type string) at path \"_id\" for model \"Job\"","timestamp":"2024-11-08T00:49:09.482Z"}
{"kind":"ObjectId","message":"Cast to ObjectId failed for value \"featured\" (type string) at path \"_id\" for model \"Job\"","name":"CastError","path":"_id","reason":{},"stringValue":"\"featured\"","value":"featured","valueType":"string"}
{"level":"error","message":"Cast to ObjectId failed for value \"featured\" (type string) at path \"_id\" for model \"Job\"","timestamp":"2024-11-08T00:49:09.601Z"}
{"kind":"ObjectId","message":"Cast to ObjectId failed for value \"categories\" (type string) at path \"_id\" for model \"Job\"","name":"CastError","path":"_id","reason":{},"stringValue":"\"categories\"","value":"categories","valueType":"string"}
{"level":"error","message":"Cast to ObjectId failed for value \"categories\" (type string) at path \"_id\" for model \"Job\"","timestamp":"2024-11-08T00:49:14.915Z"}
{"level":"info","message":"Server is running on Port 5000","timestamp":"2024-11-08T01:06:09.019Z"}
{"level":"info","message":"Database Connection Succesfull","timestamp":"2024-11-08T01:06:09.723Z"}
{"kind":"ObjectId","message":"Cast to ObjectId failed for value \"categories\" (type string) at path \"_id\" for model \"Job\"","name":"CastError","path":"_id","reason":{},"stringValue":"\"categories\"","value":"categories","valueType":"string"}
{"level":"error","message":"Cast to ObjectId failed for value \"categories\" (type string) at path \"_id\" for model \"Job\"","timestamp":"2024-11-08T01:11:59.597Z"}
{"kind":"ObjectId","message":"Cast to ObjectId failed for value \"featured\" (type string) at path \"_id\" for model \"Job\"","name":"CastError","path":"_id","reason":{},"stringValue":"\"featured\"","value":"featured","valueType":"string"}
{"level":"error","message":"Cast to ObjectId failed for value \"featured\" (type string) at path \"_id\" for model \"Job\"","timestamp":"2024-11-08T01:11:59.811Z"}
{"kind":"ObjectId","message":"Cast to ObjectId failed for value \"categories\" (type string) at path \"_id\" for model \"Job\"","name":"CastError","path":"_id","reason":{},"stringValue":"\"categories\"","value":"categories","valueType":"string"}
{"level":"error","message":"Cast to ObjectId failed for value \"categories\" (type string) at path \"_id\" for model \"Job\"","timestamp":"2024-11-08T01:12:00.083Z"}
{"kind":"ObjectId","message":"Cast to ObjectId failed for value \"featured\" (type string) at path \"_id\" for model \"Job\"","name":"CastError","path":"_id","reason":{},"stringValue":"\"featured\"","value":"featured","valueType":"string"}
{"level":"error","message":"Cast to ObjectId failed for value \"featured\" (type string) at path \"_id\" for model \"Job\"","timestamp":"2024-11-08T01:12:01.808Z"}
{"kind":"ObjectId","message":"Cast to ObjectId failed for value \"categories\" (type string) at path \"_id\" for model \"Job\"","name":"CastError","path":"_id","reason":{},"stringValue":"\"categories\"","value":"categories","valueType":"string"}
{"level":"error","message":"Cast to ObjectId failed for value \"categories\" (type string) at path \"_id\" for model \"Job\"","timestamp":"2024-11-08T01:15:04.771Z"}
{"kind":"ObjectId","message":"Cast to ObjectId failed for value \"featured\" (type string) at path \"_id\" for model \"Job\"","name":"CastError","path":"_id","reason":{},"stringValue":"\"featured\"","value":"featured","valueType":"string"}
{"level":"error","message":"Cast to ObjectId failed for value \"featured\" (type string) at path \"_id\" for model \"Job\"","timestamp":"2024-11-08T01:15:04.777Z"}
{"kind":"ObjectId","message":"Cast to ObjectId failed for value \"categories\" (type string) at path \"_id\" for model \"Job\"","name":"CastError","path":"_id","reason":{},"stringValue":"\"categories\"","value":"categories","valueType":"string"}
{"level":"error","message":"Cast to ObjectId failed for value \"categories\" (type string) at path \"_id\" for model \"Job\"","timestamp":"2024-11-08T01:15:04.783Z"}
{"kind":"ObjectId","message":"Cast to ObjectId failed for value \"featured\" (type string) at path \"_id\" for model \"Job\"","name":"CastError","path":"_id","reason":{},"stringValue":"\"featured\"","value":"featured","valueType":"string"}
{"level":"error","message":"Cast to ObjectId failed for value \"featured\" (type string) at path \"_id\" for model \"Job\"","timestamp":"2024-11-08T01:15:04.797Z"}
{"kind":"ObjectId","message":"Cast to ObjectId failed for value \"categories\" (type string) at path \"_id\" for model \"Job\"","name":"CastError","path":"_id","reason":{},"stringValue":"\"categories\"","value":"categories","valueType":"string"}
{"level":"error","message":"Cast to ObjectId failed for value \"categories\" (type string) at path \"_id\" for model \"Job\"","timestamp":"2024-11-08T01:15:28.288Z"}
{"kind":"ObjectId","message":"Cast to ObjectId failed for value \"featured\" (type string) at path \"_id\" for model \"Job\"","name":"CastError","path":"_id","reason":{},"stringValue":"\"featured\"","value":"featured","valueType":"string"}
{"level":"error","message":"Cast to ObjectId failed for value \"featured\" (type string) at path \"_id\" for model \"Job\"","timestamp":"2024-11-08T01:15:28.297Z"}
{"kind":"ObjectId","message":"Cast to ObjectId failed for value \"categories\" (type string) at path \"_id\" for model \"Job\"","name":"CastError","path":"_id","reason":{},"stringValue":"\"categories\"","value":"categories","valueType":"string"}
{"level":"error","message":"Cast to ObjectId failed for value \"categories\" (type string) at path \"_id\" for model \"Job\"","timestamp":"2024-11-08T01:15:30.675Z"}
{"kind":"ObjectId","message":"Cast to ObjectId failed for value \"featured\" (type string) at path \"_id\" for model \"Job\"","name":"CastError","path":"_id","reason":{},"stringValue":"\"featured\"","value":"featured","valueType":"string"}
{"level":"error","message":"Cast to ObjectId failed for value \"featured\" (type string) at path \"_id\" for model \"Job\"","timestamp":"2024-11-08T01:15:30.681Z"}
{"level":"info","message":"Server is running on Port 5000","timestamp":"2024-11-08T01:23:48.493Z"}
{"level":"info","message":"Database Connection Succesfull","timestamp":"2024-11-08T01:23:48.582Z"}
{"kind":"ObjectId","message":"Cast to ObjectId failed for value \"categories\" (type string) at path \"_id\" for model \"Job\"","name":"CastError","path":"_id","reason":{},"stringValue":"\"categories\"","value":"categories","valueType":"string"}
{"level":"error","message":"Cast to ObjectId failed for value \"categories\" (type string) at path \"_id\" for model \"Job\"","timestamp":"2024-11-08T01:24:20.488Z"}
{"kind":"ObjectId","message":"Cast to ObjectId failed for value \"featured\" (type string) at path \"_id\" for model \"Job\"","name":"CastError","path":"_id","reason":{},"stringValue":"\"featured\"","value":"featured","valueType":"string"}
{"level":"error","message":"Cast to ObjectId failed for value \"featured\" (type string) at path \"_id\" for model \"Job\"","timestamp":"2024-11-08T01:24:20.499Z"}
{"kind":"ObjectId","message":"Cast to ObjectId failed for value \"categories\" (type string) at path \"_id\" for model \"Job\"","name":"CastError","path":"_id","reason":{},"stringValue":"\"categories\"","value":"categories","valueType":"string"}
{"level":"error","message":"Cast to ObjectId failed for value \"categories\" (type string) at path \"_id\" for model \"Job\"","timestamp":"2024-11-08T01:24:20.519Z"}
{"kind":"ObjectId","message":"Cast to ObjectId failed for value \"featured\" (type string) at path \"_id\" for model \"Job\"","name":"CastError","path":"_id","reason":{},"stringValue":"\"featured\"","value":"featured","valueType":"string"}
{"level":"error","message":"Cast to ObjectId failed for value \"featured\" (type string) at path \"_id\" for model \"Job\"","timestamp":"2024-11-08T01:24:20.600Z"}
{"level":"info","message":"Server is running on Port 5000","timestamp":"2024-11-08T01:40:44.973Z"}
{"level":"info","message":"Database Connection Succesfull","timestamp":"2024-11-08T01:40:45.228Z"}
{"kind":"ObjectId","message":"Cast to ObjectId failed for value \"featured\" (type string) at path \"_id\" for model \"Job\"","name":"CastError","path":"_id","reason":{},"stringValue":"\"featured\"","value":"featured","valueType":"string"}
{"level":"error","message":"Cast to ObjectId failed for value \"featured\" (type string) at path \"_id\" for model \"Job\"","timestamp":"2024-11-08T01:46:18.426Z"}
{"kind":"ObjectId","message":"Cast to ObjectId failed for value \"featured\" (type string) at path \"_id\" for model \"Job\"","name":"CastError","path":"_id","reason":{},"stringValue":"\"featured\"","value":"featured","valueType":"string"}
{"level":"error","message":"Cast to ObjectId failed for value \"featured\" (type string) at path \"_id\" for model \"Job\"","timestamp":"2024-11-08T01:46:19.040Z"}
{"kind":"ObjectId","message":"Cast to ObjectId failed for value \"categories\" (type string) at path \"_id\" for model \"Job\"","name":"CastError","path":"_id","reason":{},"stringValue":"\"categories\"","value":"categories","valueType":"string"}
{"level":"error","message":"Cast to ObjectId failed for value \"categories\" (type string) at path \"_id\" for model \"Job\"","timestamp":"2024-11-08T01:46:22.304Z"}
{"kind":"ObjectId","message":"Cast to ObjectId failed for value \"categories\" (type string) at path \"_id\" for model \"Job\"","name":"CastError","path":"_id","reason":{},"stringValue":"\"categories\"","value":"categories","valueType":"string"}
{"level":"error","message":"Cast to ObjectId failed for value \"categories\" (type string) at path \"_id\" for model \"Job\"","timestamp":"2024-11-08T01:46:22.311Z"}
{"level":"info","message":"Server is running on Port 5000","timestamp":"2024-11-08T02:09:02.899Z"}
{"level":"info","message":"Database Connection Succesfull","timestamp":"2024-11-08T02:09:03.372Z"}
{"kind":"ObjectId","message":"Cast to ObjectId failed for value \"categories\" (type string) at path \"_id\" for model \"Job\"","name":"CastError","path":"_id","reason":{},"stringValue":"\"categories\"","value":"categories","valueType":"string"}
{"level":"error","message":"Cast to ObjectId failed for value \"categories\" (type string) at path \"_id\" for model \"Job\"","timestamp":"2024-11-08T02:15:37.150Z"}
{"kind":"ObjectId","message":"Cast to ObjectId failed for value \"categories\" (type string) at path \"_id\" for model \"Job\"","name":"CastError","path":"_id","reason":{},"stringValue":"\"categories\"","value":"categories","valueType":"string"}
{"level":"error","message":"Cast to ObjectId failed for value \"categories\" (type string) at path \"_id\" for model \"Job\"","timestamp":"2024-11-08T02:15:37.164Z"}
{"level":"info","message":"Server is running on Port 5000","timestamp":"2024-11-08T02:21:44.324Z"}
{"level":"info","message":"Database Connection Succesfull","timestamp":"2024-11-08T02:21:44.398Z"}
{"kind":"ObjectId","message":"Cast to ObjectId failed for value \"categories\" (type string) at path \"_id\" for model \"Job\"","name":"CastError","path":"_id","reason":{},"stringValue":"\"categories\"","value":"categories","valueType":"string"}
{"level":"error","message":"Cast to ObjectId failed for value \"categories\" (type string) at path \"_id\" for model \"Job\"","timestamp":"2024-11-08T02:23:31.018Z"}
{"kind":"ObjectId","message":"Cast to ObjectId failed for value \"categories\" (type string) at path \"_id\" for model \"Job\"","name":"CastError","path":"_id","reason":{},"stringValue":"\"categories\"","value":"categories","valueType":"string"}
{"level":"error","message":"Cast to ObjectId failed for value \"categories\" (type string) at path \"_id\" for model \"Job\"","timestamp":"2024-11-08T02:23:31.036Z"}
{"kind":"ObjectId","message":"Cast to ObjectId failed for value \"featured\" (type string) at path \"_id\" for model \"Job\"","name":"CastError","path":"_id","reason":{},"stringValue":"\"featured\"","value":"featured","valueType":"string"}
{"level":"error","message":"Cast to ObjectId failed for value \"featured\" (type string) at path \"_id\" for model \"Job\"","timestamp":"2024-11-08T02:23:31.188Z"}
{"kind":"ObjectId","message":"Cast to ObjectId failed for value \"featured\" (type string) at path \"_id\" for model \"Job\"","name":"CastError","path":"_id","reason":{},"stringValue":"\"featured\"","value":"featured","valueType":"string"}
{"level":"error","message":"Cast to ObjectId failed for value \"featured\" (type string) at path \"_id\" for model \"Job\"","timestamp":"2024-11-08T02:23:31.197Z"}
{"level":"info","message":"Server is running on Port 5000","timestamp":"2024-11-08T02:30:24.112Z"}
{"level":"info","message":"Database Connection Succesfull","timestamp":"2024-11-08T02:30:24.165Z"}
{"level":"info","message":"Server is running on Port 5000","timestamp":"2024-11-08T02:37:55.161Z"}
{"level":"info","message":"Database Connection Succesfull","timestamp":"2024-11-08T02:37:55.441Z"}
{"kind":"ObjectId","message":"Cast to ObjectId failed for value \"categories\" (type string) at path \"_id\" for model \"Job\"","name":"CastError","path":"_id","reason":{},"stringValue":"\"categories\"","value":"categories","valueType":"string"}
{"level":"error","message":"Cast to ObjectId failed for value \"categories\" (type string) at path \"_id\" for model \"Job\"","timestamp":"2024-11-08T02:44:43.879Z"}
{"level":"info","message":"Server is running on Port 5000","timestamp":"2024-11-08T02:55:24.372Z"}
{"level":"info","message":"Database Connection Succesfull","timestamp":"2024-11-08T02:55:25.794Z"}
{"kind":"ObjectId","message":"Cast to ObjectId failed for value \"categories\" (type string) at path \"_id\" for model \"Job\"","name":"CastError","path":"_id","reason":{},"stringValue":"\"categories\"","value":"categories","valueType":"string"}
{"level":"error","message":"Cast to ObjectId failed for value \"categories\" (type string) at path \"_id\" for model \"Job\"","timestamp":"2024-11-08T03:06:22.655Z"}
{"level":"info","message":"Server is running on Port 5000","timestamp":"2024-11-08T03:14:46.469Z"}
{"level":"info","message":"Database Connection Succesfull","timestamp":"2024-11-08T03:14:47.080Z"}
{"level":"info","message":"Server is running on Port 5000","timestamp":"2024-11-08T04:06:07.470Z"}
{"level":"info","message":"Database Connection Succesfull","timestamp":"2024-11-08T04:06:07.864Z"}
{"level":"info","message":"Server is running on Port 5000","timestamp":"2024-11-09T01:40:19.839Z"}
{"level":"info","message":"Database Connection Succesfull","timestamp":"2024-11-09T01:40:26.974Z"}
{"code":11000,"errorResponse":{"code":11000,"errmsg":"E11000 duplicate key error collection: jobify.users index: username_1 dup key: { username: \"enigma24\" }","index":0,"keyPattern":{"username":1},"keyValue":{"username":"enigma24"}},"index":0,"keyPattern":{"username":1},"keyValue":{"username":"enigma24"},"level":"error","timestamp":"2024-11-09T06:48:45.984Z"}
{"level":"info","message":"Server is running on Port 5000","timestamp":"2024-11-10T16:55:27.219Z"}
{"level":"info","message":"Database Connection Succesfull","timestamp":"2024-11-10T16:55:37.091Z"}
{"level":"info","message":"Server is running on Port 5000","timestamp":"2024-11-12T02:34:33.902Z"}
{"level":"info","message":"Database Connection Succesfull","timestamp":"2024-11-12T02:35:02.388Z"}
{"level":"info","message":"Server is running on Port 5000","timestamp":"2024-11-25T09:29:20.723Z"}
{"level":"info","message":"Database Connection Succesfull","timestamp":"2024-11-25T09:29:21.300Z"}
{"level":"info","message":"Server is running on Port 3000","timestamp":"2024-11-25T11:38:56.159Z"}
{"level":"info","message":"Database Connection Succesfull","timestamp":"2024-11-25T11:39:09.891Z"}
{"level":"info","message":"Server is running on Port 3000","timestamp":"2024-11-25T11:52:06.157Z"}
{"level":"info","message":"Database Connection Succesfull","timestamp":"2024-11-25T11:52:09.909Z"}
{"level":"info","message":"Server is running on Port 3000","timestamp":"2024-11-25T11:54:57.087Z"}
{"level":"info","message":"Database Connection Succesfull","timestamp":"2024-11-25T11:54:58.676Z"}
