{"level":"error","timestamp":"2024-10-13T20:00:36.726Z"}
{"level":"error","timestamp":"2024-10-13T20:09:22.943Z"}
{"level":"error","timestamp":"2024-10-13T20:09:54.980Z"}
{"level":"error","timestamp":"2024-10-13T20:21:29.143Z"}
{"level":"error","timestamp":"2024-10-13T20:21:33.003Z"}
{"level":"error","timestamp":"2024-10-13T21:06:56.629Z"}
{"level":"error","timestamp":"2024-10-13T21:09:13.469Z"}
{"level":"error","timestamp":"2024-10-13T21:24:13.688Z"}
{"level":"error","timestamp":"2024-10-13T21:24:23.544Z"}
{"level":"error","timestamp":"2024-10-13T21:43:40.566Z"}
{"level":"error","timestamp":"2024-10-13T21:46:34.845Z"}
{"level":"error","timestamp":"2024-10-13T23:35:01.475Z"}
{"level":"error","timestamp":"2024-10-13T23:35:26.636Z"}
{"level":"error","message":"Unexpected non-whitespace character after JSON at position 112 (line 1 column 113)","timestamp":"2024-10-15T08:29:32.382Z"}
{"_message":"User validation failed","errors":{"password":{"kind":"user defined","message":"Password must be at least 8 characters, contain at least one uppercase letter, one lowercase letter, one number, and one special character","name":"ValidatorError","path":"password","properties":{"message":"Password must be at least 8 characters, contain at least one uppercase letter, one lowercase letter, one number, and one special character","path":"password","type":"user defined","value":"password123"},"value":"password123"},"passwordConfirm":{"kind":"required","message":"Please confirm your password","name":"ValidatorError","path":"passwordConfirm","properties":{"message":"Please confirm your password","path":"passwordConfirm","type":"required"}},"username":{"kind":"required","message":"Please provide a username","name":"ValidatorError","path":"username","properties":{"message":"Please provide a username","path":"username","type":"required"}}},"level":"error","message":"User validation failed: passwordConfirm: Please confirm your password, username: Please provide a username, password: Password must be at least 8 characters, contain at least one uppercase letter, one lowercase letter, one number, and one special character","name":"ValidationError","timestamp":"2024-10-15T08:29:43.974Z"}
{"_message":"User validation failed","errors":{"passwordConfirm":{"kind":"required","message":"Please confirm your password","name":"ValidatorError","path":"passwordConfirm","properties":{"message":"Please confirm your password","path":"passwordConfirm","type":"required"}},"username":{"kind":"required","message":"Please provide a username","name":"ValidatorError","path":"username","properties":{"message":"Please provide a username","path":"username","type":"required"}}},"level":"error","message":"User validation failed: passwordConfirm: Please confirm your password, username: Please provide a username","name":"ValidationError","timestamp":"2024-10-15T08:31:18.715Z"}
{"_message":"User validation failed","errors":{"passwordConfirm":{"kind":"required","message":"Please confirm your password","name":"ValidatorError","path":"passwordConfirm","properties":{"message":"Please confirm your password","path":"passwordConfirm","type":"required"}},"username":{"kind":"required","message":"Please provide a username","name":"ValidatorError","path":"username","properties":{"message":"Please provide a username","path":"username","type":"required"}}},"level":"error","message":"User validation failed: passwordConfirm: Please confirm your password, username: Please provide a username","name":"ValidationError","timestamp":"2024-10-15T08:31:20.848Z"}
{"_message":"User validation failed","errors":{"passwordConfirm":{"kind":"required","message":"Please confirm your password","name":"ValidatorError","path":"passwordConfirm","properties":{"message":"Please confirm your password","path":"passwordConfirm","type":"required"}},"username":{"kind":"required","message":"Please provide a username","name":"ValidatorError","path":"username","properties":{"message":"Please provide a username","path":"username","type":"required"}}},"level":"error","message":"User validation failed: passwordConfirm: Please confirm your password, username: Please provide a username","name":"ValidationError","timestamp":"2024-10-15T08:34:41.344Z"}
{"_message":"User validation failed","errors":{"passwordConfirm":{"kind":"required","message":"Please confirm your password","name":"ValidatorError","path":"passwordConfirm","properties":{"message":"Please confirm your password","path":"passwordConfirm","type":"required"}},"username":{"kind":"required","message":"Please provide a username","name":"ValidatorError","path":"username","properties":{"message":"Please provide a username","path":"username","type":"required"}}},"level":"error","message":"User validation failed: passwordConfirm: Please confirm your password, username: Please provide a username","name":"ValidationError","timestamp":"2024-10-15T08:35:14.997Z"}
{"_message":"User validation failed","errors":{"passwordConfirm":{"kind":"required","message":"Please confirm your password","name":"ValidatorError","path":"passwordConfirm","properties":{"message":"Please confirm your password","path":"passwordConfirm","type":"required"}},"username":{"kind":"required","message":"Please provide a username","name":"ValidatorError","path":"username","properties":{"message":"Please provide a username","path":"username","type":"required"}}},"level":"error","message":"User validation failed: passwordConfirm: Please confirm your password, username: Please provide a username","name":"ValidationError","timestamp":"2024-10-15T08:44:53.784Z"}
{"level":"error","timestamp":"2024-10-15T08:54:04.315Z"}
{"level":"error","message":"jwt malformed","name":"JsonWebTokenError","timestamp":"2024-10-17T04:40:06.293Z"}
{"level":"error","message":"jwt malformed","name":"JsonWebTokenError","timestamp":"2024-10-17T04:40:28.285Z"}
{"_message":"User validation failed","errors":{"passwordConfirm":{"kind":"required","message":"Please confirm your password","name":"ValidatorError","path":"passwordConfirm","properties":{"message":"Please confirm your password","path":"passwordConfirm","type":"required"}}},"level":"error","message":"User validation failed: passwordConfirm: Please confirm your password","name":"ValidationError","timestamp":"2024-10-17T07:07:32.939Z"}
{"_message":"User validation failed","errors":{"passwordConfirm":{"kind":"required","message":"Please confirm your password","name":"ValidatorError","path":"passwordConfirm","properties":{"message":"Please confirm your password","path":"passwordConfirm","type":"required"}}},"level":"error","message":"User validation failed: passwordConfirm: Please confirm your password","name":"ValidationError","timestamp":"2024-10-17T07:08:16.084Z"}
{"_message":"User validation failed","errors":{"passwordConfirm":{"kind":"required","message":"Please confirm your password","name":"ValidatorError","path":"passwordConfirm","properties":{"message":"Please confirm your password","path":"passwordConfirm","type":"required"}}},"level":"error","message":"User validation failed: passwordConfirm: Please confirm your password","name":"ValidationError","timestamp":"2024-10-17T07:19:18.359Z"}
{"_message":"User validation failed","errors":{"passwordConfirm":{"kind":"required","message":"Please confirm your password","name":"ValidatorError","path":"passwordConfirm","properties":{"message":"Please confirm your password","path":"passwordConfirm","type":"required"}}},"level":"error","message":"User validation failed: passwordConfirm: Please confirm your password","name":"ValidationError","timestamp":"2024-10-17T07:20:48.647Z"}
{"level":"error","message":"Expected ',' or '}' after property value in JSON at position 321 (line 10 column 28)","timestamp":"2024-10-17T19:34:20.953Z"}
{"level":"error","message":"username is not defined","timestamp":"2024-10-17T22:45:53.745Z"}
{"level":"error","message":"username is not defined","timestamp":"2024-10-17T22:46:02.567Z"}
{"level":"error","message":"password is not defined","timestamp":"2024-10-17T22:49:15.845Z"}
{"level":"error","message":"password is not defined","timestamp":"2024-10-17T22:49:17.672Z"}
{"level":"error","message":"password is not defined","timestamp":"2024-10-17T22:49:41.738Z"}
{"level":"error","message":"Database Connection Error connect ECONNREFUSED ::1:27017, connect ECONNREFUSED 127.0.0.1:27017","reason":{"commonWireVersion":0,"compatible":true,"heartbeatFrequencyMS":10000,"localThresholdMS":15,"logicalSessionTimeoutMinutes":null,"maxElectionId":null,"maxSetVersion":null,"servers":{"localhost:27017":{"$clusterTime":null,"address":"localhost:27017","arbiters":[],"electionId":null,"error":{},"hosts":[],"lastUpdateTime":12644807,"lastWriteDate":0,"logicalSessionTimeoutMinutes":null,"maxWireVersion":0,"me":null,"minRoundTripTime":0,"minWireVersion":0,"passives":[],"primary":null,"roundTripTime":-1,"setName":null,"setVersion":null,"tags":{},"topologyVersion":null,"type":"Unknown"}},"setName":null,"stale":false,"type":"Unknown"},"stack":"MongooseServerSelectionError: connect ECONNREFUSED ::1:27017, connect ECONNREFUSED 127.0.0.1:27017\n    at _handleConnectionErrors (C:\\Users\\HomAgeSystems\\Desktop\\job backend\\node_modules\\mongoose\\lib\\connection.js:909:11)\n    at NativeConnection.openUri (C:\\Users\\HomAgeSystems\\Desktop\\job backend\\node_modules\\mongoose\\lib\\connection.js:860:11)\n    at async connectDB (file:///C:/Users/HomAgeSystems/Desktop/job%20backend/config/database.js:9:5)","timestamp":"2024-10-31T20:30:18.356Z"}
{"level":"error","message":"Database Connection Error connect ECONNREFUSED ::1:27017, connect ECONNREFUSED 127.0.0.1:27017","reason":{"commonWireVersion":0,"compatible":true,"heartbeatFrequencyMS":10000,"localThresholdMS":15,"logicalSessionTimeoutMinutes":null,"maxElectionId":null,"maxSetVersion":null,"servers":{"localhost:27017":{"$clusterTime":null,"address":"localhost:27017","arbiters":[],"electionId":null,"error":{},"hosts":[],"lastUpdateTime":4668382,"lastWriteDate":0,"logicalSessionTimeoutMinutes":null,"maxWireVersion":0,"me":null,"minRoundTripTime":0,"minWireVersion":0,"passives":[],"primary":null,"roundTripTime":-1,"setName":null,"setVersion":null,"tags":{},"topologyVersion":null,"type":"Unknown"}},"setName":null,"stale":false,"type":"Unknown"},"stack":"MongooseServerSelectionError: connect ECONNREFUSED ::1:27017, connect ECONNREFUSED 127.0.0.1:27017\n    at _handleConnectionErrors (C:\\Users\\HomAgeSystems\\Desktop\\job backend\\node_modules\\mongoose\\lib\\connection.js:909:11)\n    at NativeConnection.openUri (C:\\Users\\HomAgeSystems\\Desktop\\job backend\\node_modules\\mongoose\\lib\\connection.js:860:11)\n    at async connectDB (file:///C:/Users/HomAgeSystems/Desktop/job%20backend/config/database.js:9:5)","timestamp":"2024-11-02T20:31:11.962Z"}
{"level":"error","message":"Database Connection Error connect ECONNREFUSED ::1:27017, connect ECONNREFUSED 127.0.0.1:27017","reason":{"commonWireVersion":0,"compatible":true,"heartbeatFrequencyMS":10000,"localThresholdMS":15,"logicalSessionTimeoutMinutes":null,"maxElectionId":null,"maxSetVersion":null,"servers":{"localhost:27017":{"$clusterTime":null,"address":"localhost:27017","arbiters":[],"electionId":null,"error":{},"hosts":[],"lastUpdateTime":7146022,"lastWriteDate":0,"logicalSessionTimeoutMinutes":null,"maxWireVersion":0,"me":null,"minRoundTripTime":0,"minWireVersion":0,"passives":[],"primary":null,"roundTripTime":-1,"setName":null,"setVersion":null,"tags":{},"topologyVersion":null,"type":"Unknown"}},"setName":null,"stale":false,"type":"Unknown"},"stack":"MongooseServerSelectionError: connect ECONNREFUSED ::1:27017, connect ECONNREFUSED 127.0.0.1:27017\n    at _handleConnectionErrors (C:\\Users\\HomAgeSystems\\Desktop\\job backend\\node_modules\\mongoose\\lib\\connection.js:909:11)\n    at NativeConnection.openUri (C:\\Users\\HomAgeSystems\\Desktop\\job backend\\node_modules\\mongoose\\lib\\connection.js:860:11)\n    at async connectDB (file:///C:/Users/HomAgeSystems/Desktop/job%20backend/config/database.js:9:5)","timestamp":"2024-11-02T21:12:29.474Z"}
{"level":"error","message":"Database Connection Error connect ECONNREFUSED ::1:27017, connect ECONNREFUSED 127.0.0.1:27017","reason":{"commonWireVersion":0,"compatible":true,"heartbeatFrequencyMS":10000,"localThresholdMS":15,"logicalSessionTimeoutMinutes":null,"maxElectionId":null,"maxSetVersion":null,"servers":{"localhost:27017":{"$clusterTime":null,"address":"localhost:27017","arbiters":[],"electionId":null,"error":{},"hosts":[],"lastUpdateTime":1101918,"lastWriteDate":0,"logicalSessionTimeoutMinutes":null,"maxWireVersion":0,"me":null,"minRoundTripTime":0,"minWireVersion":0,"passives":[],"primary":null,"roundTripTime":-1,"setName":null,"setVersion":null,"tags":{},"topologyVersion":null,"type":"Unknown"}},"setName":null,"stale":false,"type":"Unknown"},"stack":"MongooseServerSelectionError: connect ECONNREFUSED ::1:27017, connect ECONNREFUSED 127.0.0.1:27017\n    at _handleConnectionErrors (C:\\Users\\HomAgeSystems\\Desktop\\job backend\\node_modules\\mongoose\\lib\\connection.js:909:11)\n    at NativeConnection.openUri (C:\\Users\\HomAgeSystems\\Desktop\\job backend\\node_modules\\mongoose\\lib\\connection.js:860:11)\n    at runNextTicks (node:internal/process/task_queues:60:5)\n    at listOnTimeout (node:internal/timers:540:9)\n    at process.processTimers (node:internal/timers:514:7)\n    at async connectDB (file:///C:/Users/HomAgeSystems/Desktop/job%20backend/config/database.js:9:5)","timestamp":"2024-11-03T20:36:20.258Z"}
{"level":"error","message":"Database Connection Error connect ECONNREFUSED ::1:27017, connect ECONNREFUSED 127.0.0.1:27017","reason":{"commonWireVersion":0,"compatible":true,"heartbeatFrequencyMS":10000,"localThresholdMS":15,"logicalSessionTimeoutMinutes":null,"maxElectionId":null,"maxSetVersion":null,"servers":{"localhost:27017":{"$clusterTime":null,"address":"localhost:27017","arbiters":[],"electionId":null,"error":{},"hosts":[],"lastUpdateTime":1507392,"lastWriteDate":0,"logicalSessionTimeoutMinutes":null,"maxWireVersion":0,"me":null,"minRoundTripTime":0,"minWireVersion":0,"passives":[],"primary":null,"roundTripTime":-1,"setName":null,"setVersion":null,"tags":{},"topologyVersion":null,"type":"Unknown"}},"setName":null,"stale":false,"type":"Unknown"},"stack":"MongooseServerSelectionError: connect ECONNREFUSED ::1:27017, connect ECONNREFUSED 127.0.0.1:27017\n    at _handleConnectionErrors (C:\\Users\\HomAgeSystems\\Desktop\\job backend\\node_modules\\mongoose\\lib\\connection.js:909:11)\n    at NativeConnection.openUri (C:\\Users\\HomAgeSystems\\Desktop\\job backend\\node_modules\\mongoose\\lib\\connection.js:860:11)\n    at async connectDB (file:///C:/Users/HomAgeSystems/Desktop/job%20backend/config/database.js:9:5)","timestamp":"2024-11-04T20:09:06.946Z"}
{"kind":"ObjectId","message":"Cast to ObjectId failed for value \"categories\" (type string) at path \"_id\" for model \"Job\"","name":"CastError","path":"_id","reason":{},"stringValue":"\"categories\"","value":"categories","valueType":"string"}
{"level":"error","message":"Cast to ObjectId failed for value \"categories\" (type string) at path \"_id\" for model \"Job\"","timestamp":"2024-11-07T22:52:01.995Z"}
{"kind":"ObjectId","message":"Cast to ObjectId failed for value \"featured\" (type string) at path \"_id\" for model \"Job\"","name":"CastError","path":"_id","reason":{},"stringValue":"\"featured\"","value":"featured","valueType":"string"}
{"level":"error","message":"Cast to ObjectId failed for value \"featured\" (type string) at path \"_id\" for model \"Job\"","timestamp":"2024-11-07T22:52:02.003Z"}
{"kind":"ObjectId","message":"Cast to ObjectId failed for value \"categories\" (type string) at path \"_id\" for model \"Job\"","name":"CastError","path":"_id","reason":{},"stringValue":"\"categories\"","value":"categories","valueType":"string"}
{"level":"error","message":"Cast to ObjectId failed for value \"categories\" (type string) at path \"_id\" for model \"Job\"","timestamp":"2024-11-07T22:52:02.093Z"}
{"kind":"ObjectId","message":"Cast to ObjectId failed for value \"featured\" (type string) at path \"_id\" for model \"Job\"","name":"CastError","path":"_id","reason":{},"stringValue":"\"featured\"","value":"featured","valueType":"string"}
{"level":"error","message":"Cast to ObjectId failed for value \"featured\" (type string) at path \"_id\" for model \"Job\"","timestamp":"2024-11-07T22:52:02.557Z"}
{"kind":"ObjectId","message":"Cast to ObjectId failed for value \"categories\" (type string) at path \"_id\" for model \"Job\"","name":"CastError","path":"_id","reason":{},"stringValue":"\"categories\"","value":"categories","valueType":"string"}
{"level":"error","message":"Cast to ObjectId failed for value \"categories\" (type string) at path \"_id\" for model \"Job\"","timestamp":"2024-11-07T22:52:34.916Z"}
{"kind":"ObjectId","message":"Cast to ObjectId failed for value \"featured\" (type string) at path \"_id\" for model \"Job\"","name":"CastError","path":"_id","reason":{},"stringValue":"\"featured\"","value":"featured","valueType":"string"}
{"level":"error","message":"Cast to ObjectId failed for value \"featured\" (type string) at path \"_id\" for model \"Job\"","timestamp":"2024-11-07T22:52:34.922Z"}
{"kind":"ObjectId","message":"Cast to ObjectId failed for value \"categories\" (type string) at path \"_id\" for model \"Job\"","name":"CastError","path":"_id","reason":{},"stringValue":"\"categories\"","value":"categories","valueType":"string"}
{"level":"error","message":"Cast to ObjectId failed for value \"categories\" (type string) at path \"_id\" for model \"Job\"","timestamp":"2024-11-07T22:52:34.970Z"}
{"kind":"ObjectId","message":"Cast to ObjectId failed for value \"featured\" (type string) at path \"_id\" for model \"Job\"","name":"CastError","path":"_id","reason":{},"stringValue":"\"featured\"","value":"featured","valueType":"string"}
{"level":"error","message":"Cast to ObjectId failed for value \"featured\" (type string) at path \"_id\" for model \"Job\"","timestamp":"2024-11-07T22:52:35.309Z"}
{"kind":"ObjectId","message":"Cast to ObjectId failed for value \"categories\" (type string) at path \"_id\" for model \"Job\"","name":"CastError","path":"_id","reason":{},"stringValue":"\"categories\"","value":"categories","valueType":"string"}
{"level":"error","message":"Cast to ObjectId failed for value \"categories\" (type string) at path \"_id\" for model \"Job\"","timestamp":"2024-11-07T22:53:17.493Z"}
{"kind":"ObjectId","message":"Cast to ObjectId failed for value \"featured\" (type string) at path \"_id\" for model \"Job\"","name":"CastError","path":"_id","reason":{},"stringValue":"\"featured\"","value":"featured","valueType":"string"}
{"level":"error","message":"Cast to ObjectId failed for value \"featured\" (type string) at path \"_id\" for model \"Job\"","timestamp":"2024-11-07T22:53:17.501Z"}
{"kind":"ObjectId","message":"Cast to ObjectId failed for value \"featured\" (type string) at path \"_id\" for model \"Job\"","name":"CastError","path":"_id","reason":{},"stringValue":"\"featured\"","value":"featured","valueType":"string"}
{"level":"error","message":"Cast to ObjectId failed for value \"featured\" (type string) at path \"_id\" for model \"Job\"","timestamp":"2024-11-07T22:53:17.580Z"}
{"kind":"ObjectId","message":"Cast to ObjectId failed for value \"categories\" (type string) at path \"_id\" for model \"Job\"","name":"CastError","path":"_id","reason":{},"stringValue":"\"categories\"","value":"categories","valueType":"string"}
{"level":"error","message":"Cast to ObjectId failed for value \"categories\" (type string) at path \"_id\" for model \"Job\"","timestamp":"2024-11-07T22:53:17.943Z"}
{"kind":"ObjectId","message":"Cast to ObjectId failed for value \"featured\" (type string) at path \"_id\" for model \"Job\"","name":"CastError","path":"_id","reason":{},"stringValue":"\"featured\"","value":"featured","valueType":"string"}
{"level":"error","message":"Cast to ObjectId failed for value \"featured\" (type string) at path \"_id\" for model \"Job\"","timestamp":"2024-11-07T23:03:25.614Z"}
{"kind":"ObjectId","message":"Cast to ObjectId failed for value \"categories\" (type string) at path \"_id\" for model \"Job\"","name":"CastError","path":"_id","reason":{},"stringValue":"\"categories\"","value":"categories","valueType":"string"}
{"level":"error","message":"Cast to ObjectId failed for value \"categories\" (type string) at path \"_id\" for model \"Job\"","timestamp":"2024-11-07T23:03:25.622Z"}
{"kind":"ObjectId","message":"Cast to ObjectId failed for value \"categories\" (type string) at path \"_id\" for model \"Job\"","name":"CastError","path":"_id","reason":{},"stringValue":"\"categories\"","value":"categories","valueType":"string"}
{"level":"error","message":"Cast to ObjectId failed for value \"categories\" (type string) at path \"_id\" for model \"Job\"","timestamp":"2024-11-07T23:03:25.692Z"}
{"kind":"ObjectId","message":"Cast to ObjectId failed for value \"featured\" (type string) at path \"_id\" for model \"Job\"","name":"CastError","path":"_id","reason":{},"stringValue":"\"featured\"","value":"featured","valueType":"string"}
{"level":"error","message":"Cast to ObjectId failed for value \"featured\" (type string) at path \"_id\" for model \"Job\"","timestamp":"2024-11-07T23:03:25.702Z"}
{"code":11000,"errorResponse":{"code":11000,"errmsg":"E11000 duplicate key error collection: jobify.users index: username_1 dup key: { username: \"enigma24\" }","index":0,"keyPattern":{"username":1},"keyValue":{"username":"enigma24"}},"index":0,"keyPattern":{"username":1},"keyValue":{"username":"enigma24"},"level":"error","timestamp":"2024-11-07T23:17:24.192Z"}
{"kind":"ObjectId","message":"Cast to ObjectId failed for value \"categories\" (type string) at path \"_id\" for model \"Job\"","name":"CastError","path":"_id","reason":{},"stringValue":"\"categories\"","value":"categories","valueType":"string"}
{"level":"error","message":"Cast to ObjectId failed for value \"categories\" (type string) at path \"_id\" for model \"Job\"","timestamp":"2024-11-07T23:26:32.730Z"}
{"kind":"ObjectId","message":"Cast to ObjectId failed for value \"featured\" (type string) at path \"_id\" for model \"Job\"","name":"CastError","path":"_id","reason":{},"stringValue":"\"featured\"","value":"featured","valueType":"string"}
{"level":"error","message":"Cast to ObjectId failed for value \"featured\" (type string) at path \"_id\" for model \"Job\"","timestamp":"2024-11-07T23:26:34.026Z"}
{"kind":"ObjectId","message":"Cast to ObjectId failed for value \"categories\" (type string) at path \"_id\" for model \"Job\"","name":"CastError","path":"_id","reason":{},"stringValue":"\"categories\"","value":"categories","valueType":"string"}
{"level":"error","message":"Cast to ObjectId failed for value \"categories\" (type string) at path \"_id\" for model \"Job\"","timestamp":"2024-11-07T23:26:34.533Z"}
{"kind":"ObjectId","message":"Cast to ObjectId failed for value \"featured\" (type string) at path \"_id\" for model \"Job\"","name":"CastError","path":"_id","reason":{},"stringValue":"\"featured\"","value":"featured","valueType":"string"}
{"level":"error","message":"Cast to ObjectId failed for value \"featured\" (type string) at path \"_id\" for model \"Job\"","timestamp":"2024-11-07T23:26:34.539Z"}
{"kind":"ObjectId","message":"Cast to ObjectId failed for value \"featured\" (type string) at path \"_id\" for model \"Job\"","name":"CastError","path":"_id","reason":{},"stringValue":"\"featured\"","value":"featured","valueType":"string"}
{"level":"error","message":"Cast to ObjectId failed for value \"featured\" (type string) at path \"_id\" for model \"Job\"","timestamp":"2024-11-07T23:27:20.966Z"}
{"kind":"ObjectId","message":"Cast to ObjectId failed for value \"categories\" (type string) at path \"_id\" for model \"Job\"","name":"CastError","path":"_id","reason":{},"stringValue":"\"categories\"","value":"categories","valueType":"string"}
{"level":"error","message":"Cast to ObjectId failed for value \"categories\" (type string) at path \"_id\" for model \"Job\"","timestamp":"2024-11-07T23:27:21.396Z"}
{"kind":"ObjectId","message":"Cast to ObjectId failed for value \"categories\" (type string) at path \"_id\" for model \"Job\"","name":"CastError","path":"_id","reason":{},"stringValue":"\"categories\"","value":"categories","valueType":"string"}
{"level":"error","message":"Cast to ObjectId failed for value \"categories\" (type string) at path \"_id\" for model \"Job\"","timestamp":"2024-11-07T23:27:21.411Z"}
{"kind":"ObjectId","message":"Cast to ObjectId failed for value \"featured\" (type string) at path \"_id\" for model \"Job\"","name":"CastError","path":"_id","reason":{},"stringValue":"\"featured\"","value":"featured","valueType":"string"}
{"level":"error","message":"Cast to ObjectId failed for value \"featured\" (type string) at path \"_id\" for model \"Job\"","timestamp":"2024-11-07T23:27:21.417Z"}
{"kind":"ObjectId","message":"Cast to ObjectId failed for value \"categories\" (type string) at path \"_id\" for model \"Job\"","name":"CastError","path":"_id","reason":{},"stringValue":"\"categories\"","value":"categories","valueType":"string"}
{"level":"error","message":"Cast to ObjectId failed for value \"categories\" (type string) at path \"_id\" for model \"Job\"","timestamp":"2024-11-07T23:27:40.953Z"}
{"kind":"ObjectId","message":"Cast to ObjectId failed for value \"featured\" (type string) at path \"_id\" for model \"Job\"","name":"CastError","path":"_id","reason":{},"stringValue":"\"featured\"","value":"featured","valueType":"string"}
{"level":"error","message":"Cast to ObjectId failed for value \"featured\" (type string) at path \"_id\" for model \"Job\"","timestamp":"2024-11-07T23:27:40.958Z"}
{"kind":"ObjectId","message":"Cast to ObjectId failed for value \"categories\" (type string) at path \"_id\" for model \"Job\"","name":"CastError","path":"_id","reason":{},"stringValue":"\"categories\"","value":"categories","valueType":"string"}
{"level":"error","message":"Cast to ObjectId failed for value \"categories\" (type string) at path \"_id\" for model \"Job\"","timestamp":"2024-11-07T23:27:42.003Z"}
{"kind":"ObjectId","message":"Cast to ObjectId failed for value \"featured\" (type string) at path \"_id\" for model \"Job\"","name":"CastError","path":"_id","reason":{},"stringValue":"\"featured\"","value":"featured","valueType":"string"}
{"level":"error","message":"Cast to ObjectId failed for value \"featured\" (type string) at path \"_id\" for model \"Job\"","timestamp":"2024-11-07T23:27:42.455Z"}
{"kind":"ObjectId","message":"Cast to ObjectId failed for value \"featured\" (type string) at path \"_id\" for model \"Job\"","name":"CastError","path":"_id","reason":{},"stringValue":"\"featured\"","value":"featured","valueType":"string"}
{"level":"error","message":"Cast to ObjectId failed for value \"featured\" (type string) at path \"_id\" for model \"Job\"","timestamp":"2024-11-08T00:40:27.588Z"}
{"kind":"ObjectId","message":"Cast to ObjectId failed for value \"categories\" (type string) at path \"_id\" for model \"Job\"","name":"CastError","path":"_id","reason":{},"stringValue":"\"categories\"","value":"categories","valueType":"string"}
{"level":"error","message":"Cast to ObjectId failed for value \"categories\" (type string) at path \"_id\" for model \"Job\"","timestamp":"2024-11-08T00:40:34.239Z"}
{"kind":"ObjectId","message":"Cast to ObjectId failed for value \"categories\" (type string) at path \"_id\" for model \"Job\"","name":"CastError","path":"_id","reason":{},"stringValue":"\"categories\"","value":"categories","valueType":"string"}
{"level":"error","message":"Cast to ObjectId failed for value \"categories\" (type string) at path \"_id\" for model \"Job\"","timestamp":"2024-11-08T00:40:37.517Z"}
{"kind":"ObjectId","message":"Cast to ObjectId failed for value \"featured\" (type string) at path \"_id\" for model \"Job\"","name":"CastError","path":"_id","reason":{},"stringValue":"\"featured\"","value":"featured","valueType":"string"}
{"level":"error","message":"Cast to ObjectId failed for value \"featured\" (type string) at path \"_id\" for model \"Job\"","timestamp":"2024-11-08T00:40:37.591Z"}
{"kind":"ObjectId","message":"Cast to ObjectId failed for value \"featured\" (type string) at path \"_id\" for model \"Job\"","name":"CastError","path":"_id","reason":{},"stringValue":"\"featured\"","value":"featured","valueType":"string"}
{"level":"error","message":"Cast to ObjectId failed for value \"featured\" (type string) at path \"_id\" for model \"Job\"","timestamp":"2024-11-08T00:49:07.999Z"}
{"kind":"ObjectId","message":"Cast to ObjectId failed for value \"categories\" (type string) at path \"_id\" for model \"Job\"","name":"CastError","path":"_id","reason":{},"stringValue":"\"categories\"","value":"categories","valueType":"string"}
{"level":"error","message":"Cast to ObjectId failed for value \"categories\" (type string) at path \"_id\" for model \"Job\"","timestamp":"2024-11-08T00:49:09.482Z"}
{"kind":"ObjectId","message":"Cast to ObjectId failed for value \"featured\" (type string) at path \"_id\" for model \"Job\"","name":"CastError","path":"_id","reason":{},"stringValue":"\"featured\"","value":"featured","valueType":"string"}
{"level":"error","message":"Cast to ObjectId failed for value \"featured\" (type string) at path \"_id\" for model \"Job\"","timestamp":"2024-11-08T00:49:09.601Z"}
{"kind":"ObjectId","message":"Cast to ObjectId failed for value \"categories\" (type string) at path \"_id\" for model \"Job\"","name":"CastError","path":"_id","reason":{},"stringValue":"\"categories\"","value":"categories","valueType":"string"}
{"level":"error","message":"Cast to ObjectId failed for value \"categories\" (type string) at path \"_id\" for model \"Job\"","timestamp":"2024-11-08T00:49:14.915Z"}
{"kind":"ObjectId","message":"Cast to ObjectId failed for value \"categories\" (type string) at path \"_id\" for model \"Job\"","name":"CastError","path":"_id","reason":{},"stringValue":"\"categories\"","value":"categories","valueType":"string"}
{"level":"error","message":"Cast to ObjectId failed for value \"categories\" (type string) at path \"_id\" for model \"Job\"","timestamp":"2024-11-08T01:11:59.597Z"}
{"kind":"ObjectId","message":"Cast to ObjectId failed for value \"featured\" (type string) at path \"_id\" for model \"Job\"","name":"CastError","path":"_id","reason":{},"stringValue":"\"featured\"","value":"featured","valueType":"string"}
{"level":"error","message":"Cast to ObjectId failed for value \"featured\" (type string) at path \"_id\" for model \"Job\"","timestamp":"2024-11-08T01:11:59.811Z"}
{"kind":"ObjectId","message":"Cast to ObjectId failed for value \"categories\" (type string) at path \"_id\" for model \"Job\"","name":"CastError","path":"_id","reason":{},"stringValue":"\"categories\"","value":"categories","valueType":"string"}
{"level":"error","message":"Cast to ObjectId failed for value \"categories\" (type string) at path \"_id\" for model \"Job\"","timestamp":"2024-11-08T01:12:00.083Z"}
{"kind":"ObjectId","message":"Cast to ObjectId failed for value \"featured\" (type string) at path \"_id\" for model \"Job\"","name":"CastError","path":"_id","reason":{},"stringValue":"\"featured\"","value":"featured","valueType":"string"}
{"level":"error","message":"Cast to ObjectId failed for value \"featured\" (type string) at path \"_id\" for model \"Job\"","timestamp":"2024-11-08T01:12:01.808Z"}
{"kind":"ObjectId","message":"Cast to ObjectId failed for value \"categories\" (type string) at path \"_id\" for model \"Job\"","name":"CastError","path":"_id","reason":{},"stringValue":"\"categories\"","value":"categories","valueType":"string"}
{"level":"error","message":"Cast to ObjectId failed for value \"categories\" (type string) at path \"_id\" for model \"Job\"","timestamp":"2024-11-08T01:15:04.771Z"}
{"kind":"ObjectId","message":"Cast to ObjectId failed for value \"featured\" (type string) at path \"_id\" for model \"Job\"","name":"CastError","path":"_id","reason":{},"stringValue":"\"featured\"","value":"featured","valueType":"string"}
{"level":"error","message":"Cast to ObjectId failed for value \"featured\" (type string) at path \"_id\" for model \"Job\"","timestamp":"2024-11-08T01:15:04.777Z"}
{"kind":"ObjectId","message":"Cast to ObjectId failed for value \"categories\" (type string) at path \"_id\" for model \"Job\"","name":"CastError","path":"_id","reason":{},"stringValue":"\"categories\"","value":"categories","valueType":"string"}
{"level":"error","message":"Cast to ObjectId failed for value \"categories\" (type string) at path \"_id\" for model \"Job\"","timestamp":"2024-11-08T01:15:04.783Z"}
{"kind":"ObjectId","message":"Cast to ObjectId failed for value \"featured\" (type string) at path \"_id\" for model \"Job\"","name":"CastError","path":"_id","reason":{},"stringValue":"\"featured\"","value":"featured","valueType":"string"}
{"level":"error","message":"Cast to ObjectId failed for value \"featured\" (type string) at path \"_id\" for model \"Job\"","timestamp":"2024-11-08T01:15:04.797Z"}
{"kind":"ObjectId","message":"Cast to ObjectId failed for value \"categories\" (type string) at path \"_id\" for model \"Job\"","name":"CastError","path":"_id","reason":{},"stringValue":"\"categories\"","value":"categories","valueType":"string"}
{"level":"error","message":"Cast to ObjectId failed for value \"categories\" (type string) at path \"_id\" for model \"Job\"","timestamp":"2024-11-08T01:15:28.288Z"}
{"kind":"ObjectId","message":"Cast to ObjectId failed for value \"featured\" (type string) at path \"_id\" for model \"Job\"","name":"CastError","path":"_id","reason":{},"stringValue":"\"featured\"","value":"featured","valueType":"string"}
{"level":"error","message":"Cast to ObjectId failed for value \"featured\" (type string) at path \"_id\" for model \"Job\"","timestamp":"2024-11-08T01:15:28.297Z"}
{"kind":"ObjectId","message":"Cast to ObjectId failed for value \"categories\" (type string) at path \"_id\" for model \"Job\"","name":"CastError","path":"_id","reason":{},"stringValue":"\"categories\"","value":"categories","valueType":"string"}
{"level":"error","message":"Cast to ObjectId failed for value \"categories\" (type string) at path \"_id\" for model \"Job\"","timestamp":"2024-11-08T01:15:30.675Z"}
{"kind":"ObjectId","message":"Cast to ObjectId failed for value \"featured\" (type string) at path \"_id\" for model \"Job\"","name":"CastError","path":"_id","reason":{},"stringValue":"\"featured\"","value":"featured","valueType":"string"}
{"level":"error","message":"Cast to ObjectId failed for value \"featured\" (type string) at path \"_id\" for model \"Job\"","timestamp":"2024-11-08T01:15:30.681Z"}
{"kind":"ObjectId","message":"Cast to ObjectId failed for value \"categories\" (type string) at path \"_id\" for model \"Job\"","name":"CastError","path":"_id","reason":{},"stringValue":"\"categories\"","value":"categories","valueType":"string"}
{"level":"error","message":"Cast to ObjectId failed for value \"categories\" (type string) at path \"_id\" for model \"Job\"","timestamp":"2024-11-08T01:24:20.488Z"}
{"kind":"ObjectId","message":"Cast to ObjectId failed for value \"featured\" (type string) at path \"_id\" for model \"Job\"","name":"CastError","path":"_id","reason":{},"stringValue":"\"featured\"","value":"featured","valueType":"string"}
{"level":"error","message":"Cast to ObjectId failed for value \"featured\" (type string) at path \"_id\" for model \"Job\"","timestamp":"2024-11-08T01:24:20.499Z"}
{"kind":"ObjectId","message":"Cast to ObjectId failed for value \"categories\" (type string) at path \"_id\" for model \"Job\"","name":"CastError","path":"_id","reason":{},"stringValue":"\"categories\"","value":"categories","valueType":"string"}
{"level":"error","message":"Cast to ObjectId failed for value \"categories\" (type string) at path \"_id\" for model \"Job\"","timestamp":"2024-11-08T01:24:20.519Z"}
{"kind":"ObjectId","message":"Cast to ObjectId failed for value \"featured\" (type string) at path \"_id\" for model \"Job\"","name":"CastError","path":"_id","reason":{},"stringValue":"\"featured\"","value":"featured","valueType":"string"}
{"level":"error","message":"Cast to ObjectId failed for value \"featured\" (type string) at path \"_id\" for model \"Job\"","timestamp":"2024-11-08T01:24:20.600Z"}
{"kind":"ObjectId","message":"Cast to ObjectId failed for value \"featured\" (type string) at path \"_id\" for model \"Job\"","name":"CastError","path":"_id","reason":{},"stringValue":"\"featured\"","value":"featured","valueType":"string"}
{"level":"error","message":"Cast to ObjectId failed for value \"featured\" (type string) at path \"_id\" for model \"Job\"","timestamp":"2024-11-08T01:46:18.426Z"}
{"kind":"ObjectId","message":"Cast to ObjectId failed for value \"featured\" (type string) at path \"_id\" for model \"Job\"","name":"CastError","path":"_id","reason":{},"stringValue":"\"featured\"","value":"featured","valueType":"string"}
{"level":"error","message":"Cast to ObjectId failed for value \"featured\" (type string) at path \"_id\" for model \"Job\"","timestamp":"2024-11-08T01:46:19.040Z"}
{"kind":"ObjectId","message":"Cast to ObjectId failed for value \"categories\" (type string) at path \"_id\" for model \"Job\"","name":"CastError","path":"_id","reason":{},"stringValue":"\"categories\"","value":"categories","valueType":"string"}
{"level":"error","message":"Cast to ObjectId failed for value \"categories\" (type string) at path \"_id\" for model \"Job\"","timestamp":"2024-11-08T01:46:22.304Z"}
{"kind":"ObjectId","message":"Cast to ObjectId failed for value \"categories\" (type string) at path \"_id\" for model \"Job\"","name":"CastError","path":"_id","reason":{},"stringValue":"\"categories\"","value":"categories","valueType":"string"}
{"level":"error","message":"Cast to ObjectId failed for value \"categories\" (type string) at path \"_id\" for model \"Job\"","timestamp":"2024-11-08T01:46:22.311Z"}
{"kind":"ObjectId","message":"Cast to ObjectId failed for value \"categories\" (type string) at path \"_id\" for model \"Job\"","name":"CastError","path":"_id","reason":{},"stringValue":"\"categories\"","value":"categories","valueType":"string"}
{"level":"error","message":"Cast to ObjectId failed for value \"categories\" (type string) at path \"_id\" for model \"Job\"","timestamp":"2024-11-08T02:15:37.150Z"}
{"kind":"ObjectId","message":"Cast to ObjectId failed for value \"categories\" (type string) at path \"_id\" for model \"Job\"","name":"CastError","path":"_id","reason":{},"stringValue":"\"categories\"","value":"categories","valueType":"string"}
{"level":"error","message":"Cast to ObjectId failed for value \"categories\" (type string) at path \"_id\" for model \"Job\"","timestamp":"2024-11-08T02:15:37.164Z"}
{"kind":"ObjectId","message":"Cast to ObjectId failed for value \"categories\" (type string) at path \"_id\" for model \"Job\"","name":"CastError","path":"_id","reason":{},"stringValue":"\"categories\"","value":"categories","valueType":"string"}
{"level":"error","message":"Cast to ObjectId failed for value \"categories\" (type string) at path \"_id\" for model \"Job\"","timestamp":"2024-11-08T02:23:31.018Z"}
{"kind":"ObjectId","message":"Cast to ObjectId failed for value \"categories\" (type string) at path \"_id\" for model \"Job\"","name":"CastError","path":"_id","reason":{},"stringValue":"\"categories\"","value":"categories","valueType":"string"}
{"level":"error","message":"Cast to ObjectId failed for value \"categories\" (type string) at path \"_id\" for model \"Job\"","timestamp":"2024-11-08T02:23:31.036Z"}
{"kind":"ObjectId","message":"Cast to ObjectId failed for value \"featured\" (type string) at path \"_id\" for model \"Job\"","name":"CastError","path":"_id","reason":{},"stringValue":"\"featured\"","value":"featured","valueType":"string"}
{"level":"error","message":"Cast to ObjectId failed for value \"featured\" (type string) at path \"_id\" for model \"Job\"","timestamp":"2024-11-08T02:23:31.188Z"}
{"kind":"ObjectId","message":"Cast to ObjectId failed for value \"featured\" (type string) at path \"_id\" for model \"Job\"","name":"CastError","path":"_id","reason":{},"stringValue":"\"featured\"","value":"featured","valueType":"string"}
{"level":"error","message":"Cast to ObjectId failed for value \"featured\" (type string) at path \"_id\" for model \"Job\"","timestamp":"2024-11-08T02:23:31.197Z"}
{"kind":"ObjectId","message":"Cast to ObjectId failed for value \"categories\" (type string) at path \"_id\" for model \"Job\"","name":"CastError","path":"_id","reason":{},"stringValue":"\"categories\"","value":"categories","valueType":"string"}
{"level":"error","message":"Cast to ObjectId failed for value \"categories\" (type string) at path \"_id\" for model \"Job\"","timestamp":"2024-11-08T02:44:43.879Z"}
{"kind":"ObjectId","message":"Cast to ObjectId failed for value \"categories\" (type string) at path \"_id\" for model \"Job\"","name":"CastError","path":"_id","reason":{},"stringValue":"\"categories\"","value":"categories","valueType":"string"}
{"level":"error","message":"Cast to ObjectId failed for value \"categories\" (type string) at path \"_id\" for model \"Job\"","timestamp":"2024-11-08T03:06:22.655Z"}
{"code":11000,"errorResponse":{"code":11000,"errmsg":"E11000 duplicate key error collection: jobify.users index: username_1 dup key: { username: \"enigma24\" }","index":0,"keyPattern":{"username":1},"keyValue":{"username":"enigma24"}},"index":0,"keyPattern":{"username":1},"keyValue":{"username":"enigma24"},"level":"error","timestamp":"2024-11-09T06:48:45.984Z"}
